[Fri May 24 22:32:43 2024] PHP 8.1.11 Development Server (http://localhost:8080) started
[Fri May 24 22:33:11 2024] [::1]:59682 Accepted
[Fri May 24 22:33:11 2024] [::1]:59683 Accepted
[Fri May 24 22:33:12 2024] [::1]:59683 [302]: GET /
[Fri May 24 22:33:12 2024] [::1]:59683 Closing
[Fri May 24 22:33:12 2024] [::1]:59682 [200]: GET /auth/login.php
[Fri May 24 22:33:12 2024] [::1]:59682 Closing
[Fri May 24 22:33:12 2024] [::1]:59686 Accepted
[Fri May 24 22:33:12 2024] [::1]:59687 Accepted
[Fri May 24 22:33:12 2024] [::1]:59688 Accepted
[Fri May 24 22:33:12 2024] [::1]:59686 [404]: GET /assets/css/all.css - No such file or directory
[Fri May 24 22:33:12 2024] [::1]:59686 Closing
[Fri May 24 22:33:12 2024] [::1]:59687 [200]: GET /assets/css/bootstrap-login-form.min.css
[Fri May 24 22:33:12 2024] [::1]:59688 [200]: GET /assets/js/mdb.min.js
[Fri May 24 22:33:12 2024] [::1]:59687 Closing
[Fri May 24 22:33:12 2024] [::1]:59688 Closing
[Fri May 24 22:33:13 2024] [::1]:59690 Accepted
[Fri May 24 22:33:13 2024] [::1]:59690 [404]: GET /favicon.ico - No such file or directory
[Fri May 24 22:33:13 2024] [::1]:59690 Closing
[Fri May 24 22:33:38 2024] [::1]:59694 Accepted
[Fri May 24 22:33:38 2024] [::1]:59695 Accepted
[Fri May 24 22:33:38 2024] [::1]:59695 [200]: POST /auth/login.php
[Fri May 24 22:33:38 2024] [::1]:59695 Closing
[Fri May 24 22:33:38 2024] [::1]:59694 [404]: GET /assets/css/all.css - No such file or directory
[Fri May 24 22:33:38 2024] [::1]:59694 Closing
[Fri May 24 22:33:38 2024] [::1]:59696 Accepted
[Fri May 24 22:33:38 2024] [::1]:59697 Accepted
[Fri May 24 22:33:38 2024] [::1]:59696 [200]: GET /assets/css/bootstrap-login-form.min.css
[Fri May 24 22:33:38 2024] [::1]:59697 [200]: GET /assets/js/mdb.min.js
[Fri May 24 22:33:38 2024] [::1]:59696 Closing
[Fri May 24 22:33:38 2024] [::1]:59697 Closing
[Fri May 24 22:33:43 2024] [::1]:59699 Accepted
[Fri May 24 22:33:43 2024] [::1]:59700 Accepted
[Fri May 24 22:33:43 2024] [::1]:59700 [200]: POST /auth/login.php
[Fri May 24 22:33:43 2024] [::1]:59700 Closing
[Fri May 24 22:34:53 2024] [::1]:59699 Closed without sending a request; it was probably just an unused speculative preconnection
[Fri May 24 22:34:53 2024] [::1]:59699 Closing
[Fri May 24 22:35:09 2024] [::1]:59712 Accepted
[Fri May 24 22:35:09 2024] [::1]:59713 Accepted
[Fri May 24 22:35:09 2024] [::1]:59713 [302]: GET /auth/login.php
[Fri May 24 22:35:09 2024] [::1]:59713 Closing
[Fri May 24 22:35:09 2024] [::1]:59712 [200]: GET /Panel.php
[Fri May 24 22:35:09 2024] [::1]:59712 Closing
[Fri May 24 22:35:09 2024] [::1]:59714 Accepted
[Fri May 24 22:35:09 2024] [::1]:59714 [200]: GET /assets/css/bootstrap.min.css
[Fri May 24 22:35:09 2024] [::1]:59715 Accepted
[Fri May 24 22:35:09 2024] [::1]:59716 Accepted
[Fri May 24 22:35:09 2024] [::1]:59715 [200]: GET /assets/css/utils.css
[Fri May 24 22:35:09 2024] [::1]:59714 Closing
[Fri May 24 22:35:09 2024] [::1]:59717 Accepted
[Fri May 24 22:35:09 2024] [::1]:59716 [404]: GET /assets/js/popper.min.js - No such file or directory
[Fri May 24 22:35:09 2024] [::1]:59717 [404]: GET /.assets/js/jquery.min.js - No such file or directory
[Fri May 24 22:35:09 2024] [::1]:59716 Closing
[Fri May 24 22:35:09 2024] [::1]:59715 Closing
[Fri May 24 22:35:09 2024] [::1]:59717 Closing
[Fri May 24 22:35:09 2024] [::1]:59718 Accepted
[Fri May 24 22:35:09 2024] [::1]:59718 [200]: GET /assets/js/bootstrap.min.js
[Fri May 24 22:35:09 2024] [::1]:59718 Closing
[Fri May 24 22:35:09 2024] [::1]:59719 Accepted
[Fri May 24 22:35:09 2024] [::1]:59720 Accepted
[Fri May 24 22:35:09 2024] [::1]:59721 Accepted
[Fri May 24 22:35:09 2024] [::1]:59722 Accepted
[Fri May 24 22:35:09 2024] [::1]:59723 Accepted
[Fri May 24 22:35:09 2024] [::1]:59724 Accepted
[Fri May 24 22:35:09 2024] [::1]:59719 [200]: GET /assets/img/fav-light.png
[Fri May 24 22:35:09 2024] [::1]:59720 [200]: GET /assets/css/light-theme.min.css
[Fri May 24 22:35:09 2024] [::1]:59721 [200]: GET /assets/css/Panel.css
[Fri May 24 22:35:09 2024] [::1]:59722 [200]: GET /assets/js/jquery.min.js
[Fri May 24 22:35:09 2024] [::1]:59723 [200]: GET /assets/css/selection.css
[Fri May 24 22:35:09 2024] [::1]:59724 [200]: GET /assets/js/script.js
[Fri May 24 22:35:09 2024] [::1]:59719 Closing
[Fri May 24 22:35:09 2024] [::1]:59720 Closing
[Fri May 24 22:35:09 2024] [::1]:59721 Closing
[Fri May 24 22:35:09 2024] [::1]:59722 Closing
[Fri May 24 22:35:09 2024] [::1]:59723 Closing
[Fri May 24 22:35:09 2024] [::1]:59724 Closing
[Fri May 24 22:35:10 2024] [::1]:59725 Accepted
[Fri May 24 22:35:10 2024] [::1]:59726 Accepted
[Fri May 24 22:35:10 2024] [::1]:59727 Accepted
[Fri May 24 22:35:10 2024] [::1]:59725 [404]: GET /assets/js/bootstrap.bundle.min.js - No such file or directory
[Fri May 24 22:35:10 2024] [::1]:59725 Closing
[Fri May 24 22:35:10 2024] [::1]:59728 Accepted
[Fri May 24 22:35:10 2024] [::1]:59726 [200]: GET /assets/js/sweetalert2.min.js
[Fri May 24 22:35:10 2024] [::1]:59727 [200]: GET /assets/js/growl-notification.min.js
[Fri May 24 22:35:10 2024] [::1]:59728 [200]: GET /assets/js/particles.min.js
[Fri May 24 22:35:10 2024] [::1]:59726 Closing
[Fri May 24 22:35:10 2024] [::1]:59727 Closing
[Fri May 24 22:35:10 2024] [::1]:59728 Closing
[Fri May 24 22:35:10 2024] [::1]:59729 Accepted
[Fri May 24 22:35:10 2024] [::1]:59729 [200]: GET /assets/img/login/background.png
[Fri May 24 22:35:10 2024] [::1]:59729 Closing
[Fri May 24 22:35:10 2024] [::1]:59730 Accepted
[Fri May 24 22:35:10 2024] [::1]:59730 [200]: GET /assets/json/panel.back.json
[Fri May 24 22:35:10 2024] [::1]:59730 Closing
[Fri May 24 22:35:10 2024] [::1]:59732 Accepted
[Fri May 24 22:35:10 2024] [::1]:59733 Accepted
[Fri May 24 22:35:10 2024] [::1]:59733 [200]: GET /Settings.json
[Fri May 24 22:35:10 2024] [::1]:59733 Closing
[Fri May 24 22:35:10 2024] [::1]:59732 [200]: GET /assets/img/favicon.ico
[Fri May 24 22:35:10 2024] [::1]:59732 Closing
[Fri May 24 22:35:13 2024] [::1]:59735 Accepted
[Fri May 24 22:35:13 2024] [::1]:59736 Accepted
[Fri May 24 22:35:13 2024] [::1]:59736 [200]: POST /receiver.php
[Fri May 24 22:35:13 2024] [::1]:59736 Closing
[Fri May 24 22:35:13 2024] [::1]:59735 [200]: POST /receiver.php
[Fri May 24 22:35:13 2024] [::1]:59735 Closing
[Fri May 24 22:35:15 2024] [::1]:59737 Accepted
[Fri May 24 22:35:15 2024] [::1]:59737 [200]: POST /receiver.php
[Fri May 24 22:35:15 2024] [::1]:59737 Closing
[Fri May 24 22:35:16 2024] [::1]:59738 Accepted
[Fri May 24 22:35:17 2024] [::1]:59738 [200]: POST /receiver.php
[Fri May 24 22:35:17 2024] [::1]:59738 Closing
[Fri May 24 22:35:17 2024] [::1]:59739 Accepted
[Fri May 24 22:35:17 2024] [::1]:59739 [200]: POST /receiver.php
[Fri May 24 22:35:17 2024] [::1]:59739 Closing
[Fri May 24 22:35:18 2024] [::1]:59740 Accepted
[Fri May 24 22:35:18 2024] [::1]:59740 [200]: POST /receiver.php
[Fri May 24 22:35:18 2024] [::1]:59740 Closing
[Fri May 24 22:35:19 2024] [::1]:59741 Accepted
[Fri May 24 22:35:19 2024] [::1]:59741 [200]: POST /receiver.php
[Fri May 24 22:35:19 2024] [::1]:59741 Closing
[Fri May 24 22:35:20 2024] [::1]:59743 Accepted
[Fri May 24 22:35:20 2024] [::1]:59743 [200]: POST /receiver.php
[Fri May 24 22:35:20 2024] [::1]:59743 Closing
[Fri May 24 22:35:21 2024] [::1]:59744 Accepted
[Fri May 24 22:35:21 2024] [::1]:59744 [200]: POST /receiver.php
[Fri May 24 22:35:21 2024] [::1]:59744 Closing
[Fri May 24 22:35:22 2024] [::1]:59745 Accepted
[Fri May 24 22:35:22 2024] [::1]:59746 Accepted
[Fri May 24 22:35:22 2024] [::1]:59746 [200]: POST /Panel.php
[Fri May 24 22:35:22 2024] [::1]:59746 Closing
[Fri May 24 22:35:22 2024] [::1]:59745 [404]: GET /assets/js/popper.min.js - No such file or directory
[Fri May 24 22:35:22 2024] [::1]:59745 Closing
[Fri May 24 22:35:22 2024] [::1]:59747 Accepted
[Fri May 24 22:35:22 2024] [::1]:59748 Accepted
[Fri May 24 22:35:22 2024] [::1]:59749 Accepted
[Fri May 24 22:35:22 2024] [::1]:59747 [200]: GET /assets/css/bootstrap.min.css
[Fri May 24 22:35:22 2024] [::1]:59748 [200]: GET /assets/css/utils.css
[Fri May 24 22:35:22 2024] [::1]:59749 [404]: GET /.assets/js/jquery.min.js - No such file or directory
[Fri May 24 22:35:22 2024] [::1]:59749 Closing
[Fri May 24 22:35:22 2024] [::1]:59747 Closing
[Fri May 24 22:35:22 2024] [::1]:59748 Closing
[Fri May 24 22:35:22 2024] [::1]:59750 Accepted
[Fri May 24 22:35:22 2024] [::1]:59751 Accepted
[Fri May 24 22:35:22 2024] [::1]:59750 [200]: GET /assets/js/bootstrap.min.js
[Fri May 24 22:35:22 2024] [::1]:59751 [200]: GET /assets/css/light-theme.min.css
[Fri May 24 22:35:22 2024] [::1]:59750 Closing
[Fri May 24 22:35:22 2024] [::1]:59751 Closing
[Fri May 24 22:35:23 2024] [::1]:59752 Accepted
[Fri May 24 22:35:23 2024] [::1]:59752 [200]: GET /assets/css/Panel.css
[Fri May 24 22:35:23 2024] [::1]:59752 Closing
[Fri May 24 22:35:23 2024] [::1]:59753 Accepted
[Fri May 24 22:35:23 2024] [::1]:59754 Accepted
[Fri May 24 22:35:23 2024] [::1]:59755 Accepted
[Fri May 24 22:35:23 2024] [::1]:59756 Accepted
[Fri May 24 22:35:23 2024] [::1]:59756 [200]: GET /assets/js/jquery.min.js
[Fri May 24 22:35:23 2024] [::1]:59756 Closing
[Fri May 24 22:35:23 2024] [::1]:59755 [200]: GET /assets/css/selection.css
[Fri May 24 22:35:23 2024] [::1]:59755 Closing
[Fri May 24 22:35:23 2024] [::1]:59754 [200]: GET /assets/js/script.js
[Fri May 24 22:35:23 2024] [::1]:59754 Closing
[Fri May 24 22:35:23 2024] [::1]:59753 [404]: GET /assets/js/bootstrap.bundle.min.js - No such file or directory
[Fri May 24 22:35:23 2024] [::1]:59753 Closing
[Fri May 24 22:35:23 2024] [::1]:59757 Accepted
[Fri May 24 22:35:23 2024] [::1]:59758 Accepted
[Fri May 24 22:35:23 2024] [::1]:59759 Accepted
[Fri May 24 22:35:23 2024] [::1]:59759 [200]: GET /assets/img/fav-light.png
[Fri May 24 22:35:23 2024] [::1]:59757 [200]: GET /assets/js/sweetalert2.min.js
[Fri May 24 22:35:23 2024] [::1]:59758 [200]: GET /assets/img/login/background.png
[Fri May 24 22:35:23 2024] [::1]:59759 Closing
[Fri May 24 22:35:23 2024] [::1]:59757 Closing
[Fri May 24 22:35:23 2024] [::1]:59758 Closing
[Fri May 24 22:35:23 2024] [::1]:59760 Accepted
[Fri May 24 22:35:23 2024] [::1]:59760 [200]: GET /assets/js/growl-notification.min.js
[Fri May 24 22:35:23 2024] [::1]:59760 Closing
[Fri May 24 22:35:23 2024] [::1]:59761 Accepted
[Fri May 24 22:35:23 2024] [::1]:59761 [200]: GET /assets/js/particles.min.js
[Fri May 24 22:35:23 2024] [::1]:59761 Closing
[Fri May 24 22:35:23 2024] [::1]:59763 Accepted
[Fri May 24 22:35:23 2024] [::1]:59764 Accepted
[Fri May 24 22:35:23 2024] [::1]:59764 [200]: GET /assets/json/panel.back.json
[Fri May 24 22:35:23 2024] [::1]:59764 Closing
[Fri May 24 22:35:23 2024] [::1]:59763 [200]: GET /Settings.json
[Fri May 24 22:35:23 2024] [::1]:59763 Closing
[Fri May 24 22:35:26 2024] [::1]:59766 Accepted
[Fri May 24 22:35:26 2024] [::1]:59767 Accepted
[Fri May 24 22:35:26 2024] [::1]:59767 [200]: POST /receiver.php
[Fri May 24 22:35:26 2024] [::1]:59767 Closing
[Fri May 24 22:35:26 2024] [::1]:59766 [200]: POST /receiver.php
[Fri May 24 22:35:26 2024] [::1]:59766 Closing
[Fri May 24 22:35:28 2024] [::1]:59768 Accepted
[Fri May 24 22:35:28 2024] [::1]:59769 Accepted
[Fri May 24 22:35:28 2024] [::1]:59769 [200]: POST /receiver.php
[Fri May 24 22:35:28 2024] [::1]:59769 Closing
[Fri May 24 22:35:28 2024] [::1]:59768 [200]: POST /receiver.php
[Fri May 24 22:35:28 2024] [::1]:59768 Closing
[Fri May 24 22:35:30 2024] [::1]:59773 Accepted
[Fri May 24 22:35:30 2024] [::1]:59774 Accepted
[Fri May 24 22:35:30 2024] [::1]:59774 [302]: GET /templates/google_new
[Fri May 24 22:35:30 2024] [::1]:59774 Closing
[Fri May 24 22:35:30 2024] [::1]:59773 [404]: GET /templates/login.html - No such file or directory
[Fri May 24 22:35:30 2024] [::1]:59773 Closing
[Fri May 24 22:35:31 2024] [::1]:59776 Accepted
[Fri May 24 22:35:31 2024] [::1]:59776 [200]: POST /receiver.php - Uncaught Error: Non-static method Control::capture_ip() cannot be called statically in C:\Users\Ch4120N\Documents\www\ch\chphisher-www\receiver.php:18
Stack trace:
#0 {main}
  thrown in C:\Users\Ch4120N\Documents\www\ch\chphisher-www\receiver.php on line 18
[Fri May 24 22:35:31 2024] [::1]:59776 Closing
[Fri May 24 22:35:31 2024] [::1]:59777 Accepted
[Fri May 24 22:35:31 2024] [::1]:59777 [200]: POST /receiver.php - Uncaught Error: Non-static method Control::capture_ip() cannot be called statically in C:\Users\Ch4120N\Documents\www\ch\chphisher-www\receiver.php:18
Stack trace:
#0 {main}
  thrown in C:\Users\Ch4120N\Documents\www\ch\chphisher-www\receiver.php on line 18
[Fri May 24 22:35:31 2024] [::1]:59777 Closing
[Fri May 24 22:35:33 2024] [::1]:59781 Accepted
[Fri May 24 22:35:33 2024] [::1]:59781 [200]: POST /receiver.php - Uncaught Error: Non-static method Control::capture_ip() cannot be called statically in C:\Users\Ch4120N\Documents\www\ch\chphisher-www\receiver.php:18
Stack trace:
#0 {main}
  thrown in C:\Users\Ch4120N\Documents\www\ch\chphisher-www\receiver.php on line 18
[Fri May 24 22:35:33 2024] [::1]:59781 Closing
[Fri May 24 22:35:33 2024] [::1]:59782 Accepted
[Fri May 24 22:35:33 2024] [::1]:59782 [200]: POST /receiver.php - Uncaught Error: Non-static method Control::capture_ip() cannot be called statically in C:\Users\Ch4120N\Documents\www\ch\chphisher-www\receiver.php:18
Stack trace:
#0 {main}
  thrown in C:\Users\Ch4120N\Documents\www\ch\chphisher-www\receiver.php on line 18
[Fri May 24 22:35:33 2024] [::1]:59782 Closing
[Fri May 24 22:35:35 2024] [::1]:59783 Accepted
[Fri May 24 22:35:35 2024] [::1]:59783 [200]: POST /receiver.php - Uncaught Error: Non-static method Control::capture_ip() cannot be called statically in C:\Users\Ch4120N\Documents\www\ch\chphisher-www\receiver.php:18
Stack trace:
#0 {main}
  thrown in C:\Users\Ch4120N\Documents\www\ch\chphisher-www\receiver.php on line 18
[Fri May 24 22:35:35 2024] [::1]:59783 Closing
[Fri May 24 22:35:35 2024] [::1]:59784 Accepted
[Fri May 24 22:35:35 2024] [::1]:59784 [200]: POST /receiver.php - Uncaught Error: Non-static method Control::capture_ip() cannot be called statically in C:\Users\Ch4120N\Documents\www\ch\chphisher-www\receiver.php:18
Stack trace:
#0 {main}
  thrown in C:\Users\Ch4120N\Documents\www\ch\chphisher-www\receiver.php on line 18
[Fri May 24 22:35:35 2024] [::1]:59784 Closing
[Fri May 24 22:35:36 2024] [::1]:59786 Accepted
[Fri May 24 22:35:36 2024] [::1]:59787 Accepted
[Fri May 24 22:35:36 2024] [::1]:59787 [200]: POST /receiver.php - Uncaught Error: Non-static method Control::capture_ip() cannot be called statically in C:\Users\Ch4120N\Documents\www\ch\chphisher-www\receiver.php:18
Stack trace:
#0 {main}
  thrown in C:\Users\Ch4120N\Documents\www\ch\chphisher-www\receiver.php on line 18
[Fri May 24 22:35:36 2024] [::1]:59787 Closing
[Fri May 24 22:35:36 2024] [::1]:59786 [200]: POST /receiver.php - Uncaught Error: Non-static method Control::capture_ip() cannot be called statically in C:\Users\Ch4120N\Documents\www\ch\chphisher-www\receiver.php:18
Stack trace:
#0 {main}
  thrown in C:\Users\Ch4120N\Documents\www\ch\chphisher-www\receiver.php on line 18
[Fri May 24 22:35:36 2024] [::1]:59786 Closing
[Fri May 24 22:35:38 2024] [::1]:59788 Accepted
[Fri May 24 22:35:38 2024] [::1]:59789 Accepted
[Fri May 24 22:35:38 2024] [::1]:59789 [200]: POST /receiver.php - Uncaught Error: Non-static method Control::capture_ip() cannot be called statically in C:\Users\Ch4120N\Documents\www\ch\chphisher-www\receiver.php:18
Stack trace:
#0 {main}
  thrown in C:\Users\Ch4120N\Documents\www\ch\chphisher-www\receiver.php on line 18
[Fri May 24 22:35:38 2024] [::1]:59789 Closing
[Fri May 24 22:35:38 2024] [::1]:59788 [200]: POST /receiver.php - Uncaught Error: Non-static method Control::capture_ip() cannot be called statically in C:\Users\Ch4120N\Documents\www\ch\chphisher-www\receiver.php:18
Stack trace:
#0 {main}
  thrown in C:\Users\Ch4120N\Documents\www\ch\chphisher-www\receiver.php on line 18
[Fri May 24 22:35:38 2024] [::1]:59788 Closing
[Fri May 24 22:35:40 2024] [::1]:59790 Accepted
[Fri May 24 22:35:40 2024] [::1]:59791 Accepted
[Fri May 24 22:35:40 2024] [::1]:59791 [200]: POST /receiver.php - Uncaught Error: Non-static method Control::capture_ip() cannot be called statically in C:\Users\Ch4120N\Documents\www\ch\chphisher-www\receiver.php:18
Stack trace:
#0 {main}
  thrown in C:\Users\Ch4120N\Documents\www\ch\chphisher-www\receiver.php on line 18
[Fri May 24 22:35:40 2024] [::1]:59791 Closing
[Fri May 24 22:35:40 2024] [::1]:59790 [200]: POST /receiver.php - Uncaught Error: Non-static method Control::capture_ip() cannot be called statically in C:\Users\Ch4120N\Documents\www\ch\chphisher-www\receiver.php:18
Stack trace:
#0 {main}
  thrown in C:\Users\Ch4120N\Documents\www\ch\chphisher-www\receiver.php on line 18
[Fri May 24 22:35:40 2024] [::1]:59790 Closing
[Fri May 24 22:35:42 2024] [::1]:59792 Accepted
[Fri May 24 22:35:42 2024] [::1]:59793 Accepted
[Fri May 24 22:35:42 2024] [::1]:59793 [200]: POST /receiver.php - Uncaught Error: Non-static method Control::capture_ip() cannot be called statically in C:\Users\Ch4120N\Documents\www\ch\chphisher-www\receiver.php:18
Stack trace:
#0 {main}
  thrown in C:\Users\Ch4120N\Documents\www\ch\chphisher-www\receiver.php on line 18
[Fri May 24 22:35:42 2024] [::1]:59793 Closing
[Fri May 24 22:35:42 2024] [::1]:59792 [200]: POST /receiver.php - Uncaught Error: Non-static method Control::capture_ip() cannot be called statically in C:\Users\Ch4120N\Documents\www\ch\chphisher-www\receiver.php:18
Stack trace:
#0 {main}
  thrown in C:\Users\Ch4120N\Documents\www\ch\chphisher-www\receiver.php on line 18
[Fri May 24 22:35:42 2024] [::1]:59792 Closing
[Fri May 24 22:35:44 2024] [::1]:59794 Accepted
[Fri May 24 22:35:44 2024] [::1]:59795 Accepted
[Fri May 24 22:35:44 2024] [::1]:59795 [200]: POST /receiver.php - Uncaught Error: Non-static method Control::capture_ip() cannot be called statically in C:\Users\Ch4120N\Documents\www\ch\chphisher-www\receiver.php:18
Stack trace:
#0 {main}
  thrown in C:\Users\Ch4120N\Documents\www\ch\chphisher-www\receiver.php on line 18
[Fri May 24 22:35:44 2024] [::1]:59795 Closing
[Fri May 24 22:35:44 2024] [::1]:59794 [200]: POST /receiver.php - Uncaught Error: Non-static method Control::capture_ip() cannot be called statically in C:\Users\Ch4120N\Documents\www\ch\chphisher-www\receiver.php:18
Stack trace:
#0 {main}
  thrown in C:\Users\Ch4120N\Documents\www\ch\chphisher-www\receiver.php on line 18
[Fri May 24 22:35:44 2024] [::1]:59794 Closing
[Fri May 24 22:35:46 2024] [::1]:59796 Accepted
[Fri May 24 22:35:46 2024] [::1]:59797 Accepted
[Fri May 24 22:35:46 2024] [::1]:59797 [200]: POST /receiver.php - Uncaught Error: Non-static method Control::capture_ip() cannot be called statically in C:\Users\Ch4120N\Documents\www\ch\chphisher-www\receiver.php:18
Stack trace:
#0 {main}
  thrown in C:\Users\Ch4120N\Documents\www\ch\chphisher-www\receiver.php on line 18
[Fri May 24 22:35:46 2024] [::1]:59797 Closing
[Fri May 24 22:35:46 2024] [::1]:59796 [200]: POST /receiver.php - Uncaught Error: Non-static method Control::capture_ip() cannot be called statically in C:\Users\Ch4120N\Documents\www\ch\chphisher-www\receiver.php:18
Stack trace:
#0 {main}
  thrown in C:\Users\Ch4120N\Documents\www\ch\chphisher-www\receiver.php on line 18
[Fri May 24 22:35:46 2024] [::1]:59796 Closing
[Fri May 24 22:35:48 2024] [::1]:59798 Accepted
[Fri May 24 22:35:48 2024] [::1]:59799 Accepted
[Fri May 24 22:35:48 2024] [::1]:59799 [200]: POST /receiver.php - Uncaught Error: Non-static method Control::capture_ip() cannot be called statically in C:\Users\Ch4120N\Documents\www\ch\chphisher-www\receiver.php:18
Stack trace:
#0 {main}
  thrown in C:\Users\Ch4120N\Documents\www\ch\chphisher-www\receiver.php on line 18
[Fri May 24 22:35:48 2024] [::1]:59799 Closing
[Fri May 24 22:35:48 2024] [::1]:59798 [200]: POST /receiver.php - Uncaught Error: Non-static method Control::capture_ip() cannot be called statically in C:\Users\Ch4120N\Documents\www\ch\chphisher-www\receiver.php:18
Stack trace:
#0 {main}
  thrown in C:\Users\Ch4120N\Documents\www\ch\chphisher-www\receiver.php on line 18
[Fri May 24 22:35:48 2024] [::1]:59798 Closing
[Fri May 24 22:35:50 2024] [::1]:59800 Accepted
[Fri May 24 22:35:50 2024] [::1]:59801 Accepted
[Fri May 24 22:35:50 2024] [::1]:59801 [200]: POST /receiver.php - Uncaught Error: Non-static method Control::capture_ip() cannot be called statically in C:\Users\Ch4120N\Documents\www\ch\chphisher-www\receiver.php:18
Stack trace:
#0 {main}
  thrown in C:\Users\Ch4120N\Documents\www\ch\chphisher-www\receiver.php on line 18
[Fri May 24 22:35:50 2024] [::1]:59801 Closing
[Fri May 24 22:35:50 2024] [::1]:59800 [200]: POST /receiver.php - Uncaught Error: Non-static method Control::capture_ip() cannot be called statically in C:\Users\Ch4120N\Documents\www\ch\chphisher-www\receiver.php:18
Stack trace:
#0 {main}
  thrown in C:\Users\Ch4120N\Documents\www\ch\chphisher-www\receiver.php on line 18
[Fri May 24 22:35:50 2024] [::1]:59800 Closing
[Fri May 24 22:35:52 2024] [::1]:59802 Accepted
[Fri May 24 22:35:52 2024] [::1]:59803 Accepted
[Fri May 24 22:35:52 2024] [::1]:59803 [200]: POST /receiver.php - Uncaught Error: Non-static method Control::capture_ip() cannot be called statically in C:\Users\Ch4120N\Documents\www\ch\chphisher-www\receiver.php:18
Stack trace:
#0 {main}
  thrown in C:\Users\Ch4120N\Documents\www\ch\chphisher-www\receiver.php on line 18
[Fri May 24 22:35:52 2024] [::1]:59803 Closing
[Fri May 24 22:35:52 2024] [::1]:59802 [200]: POST /receiver.php - Uncaught Error: Non-static method Control::capture_ip() cannot be called statically in C:\Users\Ch4120N\Documents\www\ch\chphisher-www\receiver.php:18
Stack trace:
#0 {main}
  thrown in C:\Users\Ch4120N\Documents\www\ch\chphisher-www\receiver.php on line 18
[Fri May 24 22:35:52 2024] [::1]:59802 Closing
[Fri May 24 22:35:54 2024] [::1]:59805 Accepted
[Fri May 24 22:35:54 2024] [::1]:59806 Accepted
[Fri May 24 22:35:54 2024] [::1]:59806 [200]: POST /receiver.php - Uncaught Error: Non-static method Control::capture_ip() cannot be called statically in C:\Users\Ch4120N\Documents\www\ch\chphisher-www\receiver.php:18
Stack trace:
#0 {main}
  thrown in C:\Users\Ch4120N\Documents\www\ch\chphisher-www\receiver.php on line 18
[Fri May 24 22:35:54 2024] [::1]:59806 Closing
[Fri May 24 22:35:54 2024] [::1]:59805 [200]: POST /receiver.php - Uncaught Error: Non-static method Control::capture_ip() cannot be called statically in C:\Users\Ch4120N\Documents\www\ch\chphisher-www\receiver.php:18
Stack trace:
#0 {main}
  thrown in C:\Users\Ch4120N\Documents\www\ch\chphisher-www\receiver.php on line 18
[Fri May 24 22:35:54 2024] [::1]:59805 Closing
[Fri May 24 22:35:56 2024] [::1]:59807 Accepted
[Fri May 24 22:35:56 2024] [::1]:59808 Accepted
[Fri May 24 22:35:56 2024] [::1]:59808 [200]: POST /receiver.php - Uncaught Error: Non-static method Control::capture_ip() cannot be called statically in C:\Users\Ch4120N\Documents\www\ch\chphisher-www\receiver.php:18
Stack trace:
#0 {main}
  thrown in C:\Users\Ch4120N\Documents\www\ch\chphisher-www\receiver.php on line 18
[Fri May 24 22:35:56 2024] [::1]:59808 Closing
[Fri May 24 22:35:56 2024] [::1]:59807 [200]: POST /receiver.php - Uncaught Error: Non-static method Control::capture_ip() cannot be called statically in C:\Users\Ch4120N\Documents\www\ch\chphisher-www\receiver.php:18
Stack trace:
#0 {main}
  thrown in C:\Users\Ch4120N\Documents\www\ch\chphisher-www\receiver.php on line 18
[Fri May 24 22:35:56 2024] [::1]:59807 Closing
[Fri May 24 22:35:58 2024] [::1]:59809 Accepted
[Fri May 24 22:35:58 2024] [::1]:59810 Accepted
[Fri May 24 22:35:58 2024] [::1]:59810 [200]: POST /receiver.php - Uncaught Error: Non-static method Control::capture_ip() cannot be called statically in C:\Users\Ch4120N\Documents\www\ch\chphisher-www\receiver.php:18
Stack trace:
#0 {main}
  thrown in C:\Users\Ch4120N\Documents\www\ch\chphisher-www\receiver.php on line 18
[Fri May 24 22:35:58 2024] [::1]:59810 Closing
[Fri May 24 22:35:58 2024] [::1]:59809 [200]: POST /receiver.php - Uncaught Error: Non-static method Control::capture_ip() cannot be called statically in C:\Users\Ch4120N\Documents\www\ch\chphisher-www\receiver.php:18
Stack trace:
#0 {main}
  thrown in C:\Users\Ch4120N\Documents\www\ch\chphisher-www\receiver.php on line 18
[Fri May 24 22:35:58 2024] [::1]:59809 Closing
[Fri May 24 22:36:00 2024] [::1]:59811 Accepted
[Fri May 24 22:36:00 2024] [::1]:59812 Accepted
[Fri May 24 22:36:00 2024] [::1]:59812 [200]: POST /receiver.php - Uncaught Error: Non-static method Control::capture_ip() cannot be called statically in C:\Users\Ch4120N\Documents\www\ch\chphisher-www\receiver.php:18
Stack trace:
#0 {main}
  thrown in C:\Users\Ch4120N\Documents\www\ch\chphisher-www\receiver.php on line 18
[Fri May 24 22:36:00 2024] [::1]:59812 Closing
[Fri May 24 22:36:00 2024] [::1]:59811 [200]: POST /receiver.php - Uncaught Error: Non-static method Control::capture_ip() cannot be called statically in C:\Users\Ch4120N\Documents\www\ch\chphisher-www\receiver.php:18
Stack trace:
#0 {main}
  thrown in C:\Users\Ch4120N\Documents\www\ch\chphisher-www\receiver.php on line 18
[Fri May 24 22:36:00 2024] [::1]:59811 Closing
[Fri May 24 22:36:02 2024] [::1]:59813 Accepted
[Fri May 24 22:36:02 2024] [::1]:59814 Accepted
[Fri May 24 22:36:02 2024] [::1]:59814 [200]: POST /receiver.php - Uncaught Error: Non-static method Control::capture_ip() cannot be called statically in C:\Users\Ch4120N\Documents\www\ch\chphisher-www\receiver.php:18
Stack trace:
#0 {main}
  thrown in C:\Users\Ch4120N\Documents\www\ch\chphisher-www\receiver.php on line 18
[Fri May 24 22:36:02 2024] [::1]:59814 Closing
[Fri May 24 22:36:02 2024] [::1]:59813 [200]: POST /receiver.php - Uncaught Error: Non-static method Control::capture_ip() cannot be called statically in C:\Users\Ch4120N\Documents\www\ch\chphisher-www\receiver.php:18
Stack trace:
#0 {main}
  thrown in C:\Users\Ch4120N\Documents\www\ch\chphisher-www\receiver.php on line 18
[Fri May 24 22:36:02 2024] [::1]:59813 Closing
[Fri May 24 22:36:04 2024] [::1]:59816 Accepted
[Fri May 24 22:36:04 2024] [::1]:59817 Accepted
[Fri May 24 22:36:04 2024] [::1]:59817 [200]: POST /receiver.php - Uncaught Error: Non-static method Control::capture_ip() cannot be called statically in C:\Users\Ch4120N\Documents\www\ch\chphisher-www\receiver.php:18
Stack trace:
#0 {main}
  thrown in C:\Users\Ch4120N\Documents\www\ch\chphisher-www\receiver.php on line 18
[Fri May 24 22:36:04 2024] [::1]:59817 Closing
[Fri May 24 22:36:04 2024] [::1]:59816 [200]: POST /receiver.php - Uncaught Error: Non-static method Control::capture_ip() cannot be called statically in C:\Users\Ch4120N\Documents\www\ch\chphisher-www\receiver.php:18
Stack trace:
#0 {main}
  thrown in C:\Users\Ch4120N\Documents\www\ch\chphisher-www\receiver.php on line 18
[Fri May 24 22:36:04 2024] [::1]:59816 Closing
[Fri May 24 22:36:06 2024] [::1]:59818 Accepted
[Fri May 24 22:36:06 2024] [::1]:59819 Accepted
[Fri May 24 22:36:06 2024] [::1]:59819 [200]: POST /receiver.php - Uncaught Error: Non-static method Control::capture_ip() cannot be called statically in C:\Users\Ch4120N\Documents\www\ch\chphisher-www\receiver.php:18
Stack trace:
#0 {main}
  thrown in C:\Users\Ch4120N\Documents\www\ch\chphisher-www\receiver.php on line 18
[Fri May 24 22:36:06 2024] [::1]:59819 Closing
[Fri May 24 22:36:06 2024] [::1]:59818 [200]: POST /receiver.php - Uncaught Error: Non-static method Control::capture_ip() cannot be called statically in C:\Users\Ch4120N\Documents\www\ch\chphisher-www\receiver.php:18
Stack trace:
#0 {main}
  thrown in C:\Users\Ch4120N\Documents\www\ch\chphisher-www\receiver.php on line 18
[Fri May 24 22:36:06 2024] [::1]:59818 Closing
[Fri May 24 22:36:08 2024] [::1]:59820 Accepted
[Fri May 24 22:36:08 2024] [::1]:59821 Accepted
[Fri May 24 22:36:08 2024] [::1]:59821 [200]: POST /receiver.php - Uncaught Error: Non-static method Control::capture_ip() cannot be called statically in C:\Users\Ch4120N\Documents\www\ch\chphisher-www\receiver.php:18
Stack trace:
#0 {main}
  thrown in C:\Users\Ch4120N\Documents\www\ch\chphisher-www\receiver.php on line 18
[Fri May 24 22:36:08 2024] [::1]:59821 Closing
[Fri May 24 22:36:08 2024] [::1]:59820 [200]: POST /receiver.php - Uncaught Error: Non-static method Control::capture_ip() cannot be called statically in C:\Users\Ch4120N\Documents\www\ch\chphisher-www\receiver.php:18
Stack trace:
#0 {main}
  thrown in C:\Users\Ch4120N\Documents\www\ch\chphisher-www\receiver.php on line 18
[Fri May 24 22:36:08 2024] [::1]:59820 Closing
[Fri May 24 22:36:10 2024] [::1]:59822 Accepted
[Fri May 24 22:36:10 2024] [::1]:59823 Accepted
[Fri May 24 22:36:10 2024] [::1]:59823 [200]: POST /receiver.php - Uncaught Error: Non-static method Control::capture_ip() cannot be called statically in C:\Users\Ch4120N\Documents\www\ch\chphisher-www\receiver.php:18
Stack trace:
#0 {main}
  thrown in C:\Users\Ch4120N\Documents\www\ch\chphisher-www\receiver.php on line 18
[Fri May 24 22:36:10 2024] [::1]:59823 Closing
[Fri May 24 22:36:10 2024] [::1]:59822 [200]: POST /receiver.php - Uncaught Error: Non-static method Control::capture_ip() cannot be called statically in C:\Users\Ch4120N\Documents\www\ch\chphisher-www\receiver.php:18
Stack trace:
#0 {main}
  thrown in C:\Users\Ch4120N\Documents\www\ch\chphisher-www\receiver.php on line 18
[Fri May 24 22:36:10 2024] [::1]:59822 Closing
[Fri May 24 22:36:12 2024] [::1]:59824 Accepted
[Fri May 24 22:36:12 2024] [::1]:59825 Accepted
[Fri May 24 22:36:12 2024] [::1]:59825 [200]: POST /receiver.php - Uncaught Error: Non-static method Control::capture_ip() cannot be called statically in C:\Users\Ch4120N\Documents\www\ch\chphisher-www\receiver.php:18
Stack trace:
#0 {main}
  thrown in C:\Users\Ch4120N\Documents\www\ch\chphisher-www\receiver.php on line 18
[Fri May 24 22:36:12 2024] [::1]:59825 Closing
[Fri May 24 22:36:12 2024] [::1]:59824 [200]: POST /receiver.php - Uncaught Error: Non-static method Control::capture_ip() cannot be called statically in C:\Users\Ch4120N\Documents\www\ch\chphisher-www\receiver.php:18
Stack trace:
#0 {main}
  thrown in C:\Users\Ch4120N\Documents\www\ch\chphisher-www\receiver.php on line 18
[Fri May 24 22:36:12 2024] [::1]:59824 Closing
[Fri May 24 22:36:14 2024] [::1]:59826 Accepted
[Fri May 24 22:36:14 2024] [::1]:59827 Accepted
[Fri May 24 22:36:14 2024] [::1]:59827 [200]: POST /receiver.php - Uncaught Error: Non-static method Control::capture_ip() cannot be called statically in C:\Users\Ch4120N\Documents\www\ch\chphisher-www\receiver.php:18
Stack trace:
#0 {main}
  thrown in C:\Users\Ch4120N\Documents\www\ch\chphisher-www\receiver.php on line 18
[Fri May 24 22:36:14 2024] [::1]:59827 Closing
[Fri May 24 22:36:14 2024] [::1]:59826 [200]: POST /receiver.php - Uncaught Error: Non-static method Control::capture_ip() cannot be called statically in C:\Users\Ch4120N\Documents\www\ch\chphisher-www\receiver.php:18
Stack trace:
#0 {main}
  thrown in C:\Users\Ch4120N\Documents\www\ch\chphisher-www\receiver.php on line 18
[Fri May 24 22:36:14 2024] [::1]:59826 Closing
[Fri May 24 22:36:16 2024] [::1]:59828 Accepted
[Fri May 24 22:36:16 2024] [::1]:59829 Accepted
[Fri May 24 22:36:16 2024] [::1]:59829 [200]: POST /receiver.php - Uncaught Error: Non-static method Control::capture_ip() cannot be called statically in C:\Users\Ch4120N\Documents\www\ch\chphisher-www\receiver.php:18
Stack trace:
#0 {main}
  thrown in C:\Users\Ch4120N\Documents\www\ch\chphisher-www\receiver.php on line 18
[Fri May 24 22:36:16 2024] [::1]:59829 Closing
[Fri May 24 22:36:16 2024] [::1]:59828 [200]: POST /receiver.php - Uncaught Error: Non-static method Control::capture_ip() cannot be called statically in C:\Users\Ch4120N\Documents\www\ch\chphisher-www\receiver.php:18
Stack trace:
#0 {main}
  thrown in C:\Users\Ch4120N\Documents\www\ch\chphisher-www\receiver.php on line 18
[Fri May 24 22:36:16 2024] [::1]:59828 Closing
[Fri May 24 22:36:18 2024] [::1]:59830 Accepted
[Fri May 24 22:36:18 2024] [::1]:59831 Accepted
[Fri May 24 22:36:18 2024] [::1]:59831 [200]: POST /receiver.php - Uncaught Error: Non-static method Control::capture_ip() cannot be called statically in C:\Users\Ch4120N\Documents\www\ch\chphisher-www\receiver.php:18
Stack trace:
#0 {main}
  thrown in C:\Users\Ch4120N\Documents\www\ch\chphisher-www\receiver.php on line 18
[Fri May 24 22:36:18 2024] [::1]:59831 Closing
[Fri May 24 22:36:18 2024] [::1]:59830 [200]: POST /receiver.php - Uncaught Error: Non-static method Control::capture_ip() cannot be called statically in C:\Users\Ch4120N\Documents\www\ch\chphisher-www\receiver.php:18
Stack trace:
#0 {main}
  thrown in C:\Users\Ch4120N\Documents\www\ch\chphisher-www\receiver.php on line 18
[Fri May 24 22:36:18 2024] [::1]:59830 Closing
[Fri May 24 22:36:20 2024] [::1]:59832 Accepted
[Fri May 24 22:36:20 2024] [::1]:59833 Accepted
[Fri May 24 22:36:20 2024] [::1]:59833 [200]: POST /receiver.php - Uncaught Error: Non-static method Control::capture_ip() cannot be called statically in C:\Users\Ch4120N\Documents\www\ch\chphisher-www\receiver.php:18
Stack trace:
#0 {main}
  thrown in C:\Users\Ch4120N\Documents\www\ch\chphisher-www\receiver.php on line 18
[Fri May 24 22:36:20 2024] [::1]:59833 Closing
[Fri May 24 22:36:20 2024] [::1]:59832 [200]: POST /receiver.php - Uncaught Error: Non-static method Control::capture_ip() cannot be called statically in C:\Users\Ch4120N\Documents\www\ch\chphisher-www\receiver.php:18
Stack trace:
#0 {main}
  thrown in C:\Users\Ch4120N\Documents\www\ch\chphisher-www\receiver.php on line 18
[Fri May 24 22:36:20 2024] [::1]:59832 Closing
[Fri May 24 22:36:22 2024] [::1]:59834 Accepted
[Fri May 24 22:36:22 2024] [::1]:59835 Accepted
[Fri May 24 22:36:22 2024] [::1]:59835 [200]: POST /receiver.php - Uncaught Error: Non-static method Control::capture_ip() cannot be called statically in C:\Users\Ch4120N\Documents\www\ch\chphisher-www\receiver.php:18
Stack trace:
#0 {main}
  thrown in C:\Users\Ch4120N\Documents\www\ch\chphisher-www\receiver.php on line 18
[Fri May 24 22:36:22 2024] [::1]:59835 Closing
[Fri May 24 22:36:22 2024] [::1]:59834 [200]: POST /receiver.php - Uncaught Error: Non-static method Control::capture_ip() cannot be called statically in C:\Users\Ch4120N\Documents\www\ch\chphisher-www\receiver.php:18
Stack trace:
#0 {main}
  thrown in C:\Users\Ch4120N\Documents\www\ch\chphisher-www\receiver.php on line 18
[Fri May 24 22:36:22 2024] [::1]:59834 Closing
[Fri May 24 22:36:24 2024] [::1]:59836 Accepted
[Fri May 24 22:36:24 2024] [::1]:59837 Accepted
[Fri May 24 22:36:24 2024] [::1]:59837 [200]: POST /receiver.php - Uncaught Error: Non-static method Control::capture_ip() cannot be called statically in C:\Users\Ch4120N\Documents\www\ch\chphisher-www\receiver.php:18
Stack trace:
#0 {main}
  thrown in C:\Users\Ch4120N\Documents\www\ch\chphisher-www\receiver.php on line 18
[Fri May 24 22:36:24 2024] [::1]:59837 Closing
[Fri May 24 22:36:24 2024] [::1]:59836 [200]: POST /receiver.php - Uncaught Error: Non-static method Control::capture_ip() cannot be called statically in C:\Users\Ch4120N\Documents\www\ch\chphisher-www\receiver.php:18
Stack trace:
#0 {main}
  thrown in C:\Users\Ch4120N\Documents\www\ch\chphisher-www\receiver.php on line 18
[Fri May 24 22:36:24 2024] [::1]:59836 Closing
[Fri May 24 22:36:26 2024] [::1]:59838 Accepted
[Fri May 24 22:36:26 2024] [::1]:59838 [200]: POST /receiver.php - Uncaught Error: Non-static method Control::capture_ip() cannot be called statically in C:\Users\Ch4120N\Documents\www\ch\chphisher-www\receiver.php:18
Stack trace:
#0 {main}
  thrown in C:\Users\Ch4120N\Documents\www\ch\chphisher-www\receiver.php on line 18
[Fri May 24 22:36:26 2024] [::1]:59838 Closing
[Fri May 24 22:36:26 2024] [::1]:59839 Accepted
[Fri May 24 22:36:26 2024] [::1]:59839 [200]: POST /receiver.php - Uncaught Error: Non-static method Control::capture_ip() cannot be called statically in C:\Users\Ch4120N\Documents\www\ch\chphisher-www\receiver.php:18
Stack trace:
#0 {main}
  thrown in C:\Users\Ch4120N\Documents\www\ch\chphisher-www\receiver.php on line 18
[Fri May 24 22:36:26 2024] [::1]:59839 Closing
[Fri May 24 22:36:28 2024] [::1]:59840 Accepted
[Fri May 24 22:36:28 2024] [::1]:59841 Accepted
[Fri May 24 22:36:28 2024] [::1]:59841 [200]: POST /receiver.php - Uncaught Error: Non-static method Control::capture_ip() cannot be called statically in C:\Users\Ch4120N\Documents\www\ch\chphisher-www\receiver.php:18
Stack trace:
#0 {main}
  thrown in C:\Users\Ch4120N\Documents\www\ch\chphisher-www\receiver.php on line 18
[Fri May 24 22:36:28 2024] [::1]:59841 Closing
[Fri May 24 22:36:28 2024] [::1]:59840 [200]: POST /receiver.php - Uncaught Error: Non-static method Control::capture_ip() cannot be called statically in C:\Users\Ch4120N\Documents\www\ch\chphisher-www\receiver.php:18
Stack trace:
#0 {main}
  thrown in C:\Users\Ch4120N\Documents\www\ch\chphisher-www\receiver.php on line 18
[Fri May 24 22:36:28 2024] [::1]:59840 Closing
[Fri May 24 22:36:31 2024] [::1]:59842 Accepted
[Fri May 24 22:36:31 2024] [::1]:59843 Accepted
[Fri May 24 22:36:31 2024] [::1]:59843 [200]: POST /receiver.php - Uncaught Error: Non-static method Control::capture_ip() cannot be called statically in C:\Users\Ch4120N\Documents\www\ch\chphisher-www\receiver.php:18
Stack trace:
#0 {main}
  thrown in C:\Users\Ch4120N\Documents\www\ch\chphisher-www\receiver.php on line 18
[Fri May 24 22:36:31 2024] [::1]:59843 Closing
[Fri May 24 22:36:31 2024] [::1]:59842 [200]: POST /receiver.php - Uncaught Error: Non-static method Control::capture_ip() cannot be called statically in C:\Users\Ch4120N\Documents\www\ch\chphisher-www\receiver.php:18
Stack trace:
#0 {main}
  thrown in C:\Users\Ch4120N\Documents\www\ch\chphisher-www\receiver.php on line 18
[Fri May 24 22:36:31 2024] [::1]:59842 Closing
[Fri May 24 22:36:33 2024] [::1]:59845 Accepted
[Fri May 24 22:36:33 2024] [::1]:59846 Accepted
[Fri May 24 22:36:33 2024] [::1]:59845 [200]: POST /receiver.php - Uncaught Error: Non-static method Control::capture_ip() cannot be called statically in C:\Users\Ch4120N\Documents\www\ch\chphisher-www\receiver.php:18
Stack trace:
#0 {main}
  thrown in C:\Users\Ch4120N\Documents\www\ch\chphisher-www\receiver.php on line 18
[Fri May 24 22:36:33 2024] [::1]:59845 Closing
[Fri May 24 22:36:33 2024] [::1]:59846 [200]: POST /receiver.php - Uncaught Error: Non-static method Control::capture_ip() cannot be called statically in C:\Users\Ch4120N\Documents\www\ch\chphisher-www\receiver.php:18
Stack trace:
#0 {main}
  thrown in C:\Users\Ch4120N\Documents\www\ch\chphisher-www\receiver.php on line 18
[Fri May 24 22:36:33 2024] [::1]:59846 Closing
[Fri May 24 22:36:35 2024] [::1]:59847 Accepted
[Fri May 24 22:36:35 2024] [::1]:59847 [200]: POST /receiver.php - Uncaught Error: Non-static method Control::capture_ip() cannot be called statically in C:\Users\Ch4120N\Documents\www\ch\chphisher-www\receiver.php:18
Stack trace:
#0 {main}
  thrown in C:\Users\Ch4120N\Documents\www\ch\chphisher-www\receiver.php on line 18
[Fri May 24 22:36:35 2024] [::1]:59847 Closing
[Fri May 24 22:36:35 2024] [::1]:59848 Accepted
[Fri May 24 22:36:35 2024] [::1]:59848 [200]: POST /receiver.php - Uncaught Error: Non-static method Control::capture_ip() cannot be called statically in C:\Users\Ch4120N\Documents\www\ch\chphisher-www\receiver.php:18
Stack trace:
#0 {main}
  thrown in C:\Users\Ch4120N\Documents\www\ch\chphisher-www\receiver.php on line 18
[Fri May 24 22:36:35 2024] [::1]:59848 Closing
[Fri May 24 22:36:37 2024] [::1]:59851 Accepted
[Fri May 24 22:36:37 2024] [::1]:59851 [200]: POST /receiver.php - Uncaught Error: Non-static method Control::capture_ip() cannot be called statically in C:\Users\Ch4120N\Documents\www\ch\chphisher-www\receiver.php:18
Stack trace:
#0 {main}
  thrown in C:\Users\Ch4120N\Documents\www\ch\chphisher-www\receiver.php on line 18
[Fri May 24 22:36:37 2024] [::1]:59851 Closing
[Fri May 24 22:36:37 2024] [::1]:59852 Accepted
[Fri May 24 22:36:37 2024] [::1]:59852 [200]: POST /receiver.php - Uncaught Error: Non-static method Control::capture_ip() cannot be called statically in C:\Users\Ch4120N\Documents\www\ch\chphisher-www\receiver.php:18
Stack trace:
#0 {main}
  thrown in C:\Users\Ch4120N\Documents\www\ch\chphisher-www\receiver.php on line 18
[Fri May 24 22:36:37 2024] [::1]:59852 Closing
[Fri May 24 22:36:39 2024] [::1]:59853 Accepted
[Fri May 24 22:36:39 2024] [::1]:59854 Accepted
[Fri May 24 22:36:40 2024] [::1]:59854 [200]: POST /receiver.php - Uncaught Error: Non-static method Control::capture_ip() cannot be called statically in C:\Users\Ch4120N\Documents\www\ch\chphisher-www\receiver.php:18
Stack trace:
#0 {main}
  thrown in C:\Users\Ch4120N\Documents\www\ch\chphisher-www\receiver.php on line 18
[Fri May 24 22:36:40 2024] [::1]:59854 Closing
[Fri May 24 22:36:40 2024] [::1]:59853 [200]: POST /receiver.php - Uncaught Error: Non-static method Control::capture_ip() cannot be called statically in C:\Users\Ch4120N\Documents\www\ch\chphisher-www\receiver.php:18
Stack trace:
#0 {main}
  thrown in C:\Users\Ch4120N\Documents\www\ch\chphisher-www\receiver.php on line 18
[Fri May 24 22:36:40 2024] [::1]:59853 Closing
[Fri May 24 22:36:40 2024] [::1]:59855 Accepted
[Fri May 24 22:36:40 2024] [::1]:59856 Accepted
[Fri May 24 22:36:40 2024] [::1]:59856 [200]: POST /receiver.php - Uncaught Error: Non-static method Control::capture_ip() cannot be called statically in C:\Users\Ch4120N\Documents\www\ch\chphisher-www\receiver.php:18
Stack trace:
#0 {main}
  thrown in C:\Users\Ch4120N\Documents\www\ch\chphisher-www\receiver.php on line 18
[Fri May 24 22:36:40 2024] [::1]:59856 Closing
[Fri May 24 22:36:40 2024] [::1]:59855 [200]: POST /receiver.php - Uncaught Error: Non-static method Control::capture_ip() cannot be called statically in C:\Users\Ch4120N\Documents\www\ch\chphisher-www\receiver.php:18
Stack trace:
#0 {main}
  thrown in C:\Users\Ch4120N\Documents\www\ch\chphisher-www\receiver.php on line 18
[Fri May 24 22:36:40 2024] [::1]:59855 Closing
[Fri May 24 22:36:42 2024] [::1]:59857 Accepted
[Fri May 24 22:36:42 2024] [::1]:59858 Accepted
[Fri May 24 22:36:42 2024] [::1]:59858 [200]: POST /receiver.php - Uncaught Error: Non-static method Control::capture_ip() cannot be called statically in C:\Users\Ch4120N\Documents\www\ch\chphisher-www\receiver.php:18
Stack trace:
#0 {main}
  thrown in C:\Users\Ch4120N\Documents\www\ch\chphisher-www\receiver.php on line 18
[Fri May 24 22:36:42 2024] [::1]:59858 Closing
[Fri May 24 22:36:42 2024] [::1]:59857 [200]: POST /receiver.php - Uncaught Error: Non-static method Control::capture_ip() cannot be called statically in C:\Users\Ch4120N\Documents\www\ch\chphisher-www\receiver.php:18
Stack trace:
#0 {main}
  thrown in C:\Users\Ch4120N\Documents\www\ch\chphisher-www\receiver.php on line 18
[Fri May 24 22:36:42 2024] [::1]:59857 Closing
[Fri May 24 22:36:44 2024] [::1]:59859 Accepted
[Fri May 24 22:36:44 2024] [::1]:59860 Accepted
[Fri May 24 22:36:44 2024] [::1]:59860 [200]: POST /receiver.php - Uncaught Error: Non-static method Control::capture_ip() cannot be called statically in C:\Users\Ch4120N\Documents\www\ch\chphisher-www\receiver.php:18
Stack trace:
#0 {main}
  thrown in C:\Users\Ch4120N\Documents\www\ch\chphisher-www\receiver.php on line 18
[Fri May 24 22:36:44 2024] [::1]:59860 Closing
[Fri May 24 22:36:44 2024] [::1]:59859 [200]: POST /receiver.php - Uncaught Error: Non-static method Control::capture_ip() cannot be called statically in C:\Users\Ch4120N\Documents\www\ch\chphisher-www\receiver.php:18
Stack trace:
#0 {main}
  thrown in C:\Users\Ch4120N\Documents\www\ch\chphisher-www\receiver.php on line 18
[Fri May 24 22:36:44 2024] [::1]:59859 Closing
[Fri May 24 22:36:46 2024] [::1]:59861 Accepted
[Fri May 24 22:36:46 2024] [::1]:59862 Accepted
[Fri May 24 22:36:46 2024] [::1]:59862 [200]: POST /receiver.php - Uncaught Error: Non-static method Control::capture_ip() cannot be called statically in C:\Users\Ch4120N\Documents\www\ch\chphisher-www\receiver.php:18
Stack trace:
#0 {main}
  thrown in C:\Users\Ch4120N\Documents\www\ch\chphisher-www\receiver.php on line 18
[Fri May 24 22:36:46 2024] [::1]:59862 Closing
[Fri May 24 22:36:46 2024] [::1]:59861 [200]: POST /receiver.php - Uncaught Error: Non-static method Control::capture_ip() cannot be called statically in C:\Users\Ch4120N\Documents\www\ch\chphisher-www\receiver.php:18
Stack trace:
#0 {main}
  thrown in C:\Users\Ch4120N\Documents\www\ch\chphisher-www\receiver.php on line 18
[Fri May 24 22:36:46 2024] [::1]:59861 Closing
[Fri May 24 22:36:48 2024] [::1]:59863 Accepted
[Fri May 24 22:36:48 2024] [::1]:59864 Accepted
[Fri May 24 22:36:48 2024] [::1]:59864 [200]: POST /receiver.php - Uncaught Error: Non-static method Control::capture_ip() cannot be called statically in C:\Users\Ch4120N\Documents\www\ch\chphisher-www\receiver.php:18
Stack trace:
#0 {main}
  thrown in C:\Users\Ch4120N\Documents\www\ch\chphisher-www\receiver.php on line 18
[Fri May 24 22:36:48 2024] [::1]:59864 Closing
[Fri May 24 22:36:48 2024] [::1]:59863 [200]: POST /receiver.php - Uncaught Error: Non-static method Control::capture_ip() cannot be called statically in C:\Users\Ch4120N\Documents\www\ch\chphisher-www\receiver.php:18
Stack trace:
#0 {main}
  thrown in C:\Users\Ch4120N\Documents\www\ch\chphisher-www\receiver.php on line 18
[Fri May 24 22:36:48 2024] [::1]:59863 Closing
[Fri May 24 22:36:50 2024] [::1]:59865 Accepted
[Fri May 24 22:36:50 2024] [::1]:59866 Accepted
[Fri May 24 22:36:50 2024] [::1]:59866 [200]: POST /receiver.php - Uncaught Error: Non-static method Control::capture_ip() cannot be called statically in C:\Users\Ch4120N\Documents\www\ch\chphisher-www\receiver.php:18
Stack trace:
#0 {main}
  thrown in C:\Users\Ch4120N\Documents\www\ch\chphisher-www\receiver.php on line 18
[Fri May 24 22:36:50 2024] [::1]:59866 Closing
[Fri May 24 22:36:50 2024] [::1]:59865 [200]: POST /receiver.php - Uncaught Error: Non-static method Control::capture_ip() cannot be called statically in C:\Users\Ch4120N\Documents\www\ch\chphisher-www\receiver.php:18
Stack trace:
#0 {main}
  thrown in C:\Users\Ch4120N\Documents\www\ch\chphisher-www\receiver.php on line 18
[Fri May 24 22:36:50 2024] [::1]:59865 Closing
[Fri May 24 22:36:53 2024] [::1]:59867 Accepted
[Fri May 24 22:36:53 2024] [::1]:59867 [200]: POST /receiver.php - Uncaught Error: Non-static method Control::capture_ip() cannot be called statically in C:\Users\Ch4120N\Documents\www\ch\chphisher-www\receiver.php:18
Stack trace:
#0 {main}
  thrown in C:\Users\Ch4120N\Documents\www\ch\chphisher-www\receiver.php on line 18
[Fri May 24 22:36:53 2024] [::1]:59867 Closing
[Fri May 24 22:36:53 2024] [::1]:59868 Accepted
[Fri May 24 22:36:53 2024] [::1]:59868 [200]: POST /receiver.php - Uncaught Error: Non-static method Control::capture_ip() cannot be called statically in C:\Users\Ch4120N\Documents\www\ch\chphisher-www\receiver.php:18
Stack trace:
#0 {main}
  thrown in C:\Users\Ch4120N\Documents\www\ch\chphisher-www\receiver.php on line 18
[Fri May 24 22:36:53 2024] [::1]:59868 Closing
[Fri May 24 22:36:55 2024] [::1]:59869 Accepted
[Fri May 24 22:36:55 2024] [::1]:59869 [200]: POST /receiver.php - Uncaught Error: Non-static method Control::capture_ip() cannot be called statically in C:\Users\Ch4120N\Documents\www\ch\chphisher-www\receiver.php:18
Stack trace:
#0 {main}
  thrown in C:\Users\Ch4120N\Documents\www\ch\chphisher-www\receiver.php on line 18
[Fri May 24 22:36:55 2024] [::1]:59869 Closing
[Fri May 24 22:36:55 2024] [::1]:59870 Accepted
[Fri May 24 22:36:55 2024] [::1]:59870 [200]: POST /receiver.php - Uncaught Error: Non-static method Control::capture_ip() cannot be called statically in C:\Users\Ch4120N\Documents\www\ch\chphisher-www\receiver.php:18
Stack trace:
#0 {main}
  thrown in C:\Users\Ch4120N\Documents\www\ch\chphisher-www\receiver.php on line 18
[Fri May 24 22:36:55 2024] [::1]:59870 Closing
[Fri May 24 22:36:57 2024] [::1]:59871 Accepted
[Fri May 24 22:36:57 2024] [::1]:59871 [200]: POST /receiver.php - Uncaught Error: Non-static method Control::capture_ip() cannot be called statically in C:\Users\Ch4120N\Documents\www\ch\chphisher-www\receiver.php:18
Stack trace:
#0 {main}
  thrown in C:\Users\Ch4120N\Documents\www\ch\chphisher-www\receiver.php on line 18
[Fri May 24 22:36:57 2024] [::1]:59871 Closing
[Fri May 24 22:36:57 2024] [::1]:59872 Accepted
[Fri May 24 22:36:57 2024] [::1]:59872 [200]: POST /receiver.php - Uncaught Error: Non-static method Control::capture_ip() cannot be called statically in C:\Users\Ch4120N\Documents\www\ch\chphisher-www\receiver.php:18
Stack trace:
#0 {main}
  thrown in C:\Users\Ch4120N\Documents\www\ch\chphisher-www\receiver.php on line 18
[Fri May 24 22:36:57 2024] [::1]:59872 Closing
[Fri May 24 22:37:01 2024] [::1]:59873 Accepted
[Fri May 24 22:37:01 2024] [::1]:59873 [200]: POST /receiver.php - Uncaught Error: Non-static method Control::capture_ip() cannot be called statically in C:\Users\Ch4120N\Documents\www\ch\chphisher-www\receiver.php:18
Stack trace:
#0 {main}
  thrown in C:\Users\Ch4120N\Documents\www\ch\chphisher-www\receiver.php on line 18
[Fri May 24 22:37:01 2024] [::1]:59873 Closing
[Fri May 24 22:37:01 2024] [::1]:59874 Accepted
[Fri May 24 22:37:01 2024] [::1]:59874 [200]: POST /receiver.php - Uncaught Error: Non-static method Control::capture_ip() cannot be called statically in C:\Users\Ch4120N\Documents\www\ch\chphisher-www\receiver.php:18
Stack trace:
#0 {main}
  thrown in C:\Users\Ch4120N\Documents\www\ch\chphisher-www\receiver.php on line 18
[Fri May 24 22:37:01 2024] [::1]:59874 Closing
[Fri May 24 22:37:03 2024] [::1]:59875 Accepted
[Fri May 24 22:37:03 2024] [::1]:59875 [200]: POST /receiver.php - Uncaught Error: Non-static method Control::capture_ip() cannot be called statically in C:\Users\Ch4120N\Documents\www\ch\chphisher-www\receiver.php:18
Stack trace:
#0 {main}
  thrown in C:\Users\Ch4120N\Documents\www\ch\chphisher-www\receiver.php on line 18
[Fri May 24 22:37:03 2024] [::1]:59875 Closing
[Fri May 24 22:37:03 2024] [::1]:59876 Accepted
[Fri May 24 22:37:03 2024] [::1]:59876 [200]: POST /receiver.php - Uncaught Error: Non-static method Control::capture_ip() cannot be called statically in C:\Users\Ch4120N\Documents\www\ch\chphisher-www\receiver.php:18
Stack trace:
#0 {main}
  thrown in C:\Users\Ch4120N\Documents\www\ch\chphisher-www\receiver.php on line 18
[Fri May 24 22:37:03 2024] [::1]:59876 Closing
[Fri May 24 22:37:05 2024] [::1]:59877 Accepted
[Fri May 24 22:37:05 2024] [::1]:59877 [200]: POST /receiver.php - Uncaught Error: Non-static method Control::capture_ip() cannot be called statically in C:\Users\Ch4120N\Documents\www\ch\chphisher-www\receiver.php:18
Stack trace:
#0 {main}
  thrown in C:\Users\Ch4120N\Documents\www\ch\chphisher-www\receiver.php on line 18
[Fri May 24 22:37:05 2024] [::1]:59877 Closing
[Fri May 24 22:37:05 2024] [::1]:59878 Accepted
[Fri May 24 22:37:05 2024] [::1]:59878 [200]: POST /receiver.php - Uncaught Error: Non-static method Control::capture_ip() cannot be called statically in C:\Users\Ch4120N\Documents\www\ch\chphisher-www\receiver.php:18
Stack trace:
#0 {main}
  thrown in C:\Users\Ch4120N\Documents\www\ch\chphisher-www\receiver.php on line 18
[Fri May 24 22:37:05 2024] [::1]:59878 Closing
[Fri May 24 22:37:08 2024] [::1]:59880 Accepted
[Fri May 24 22:37:08 2024] [::1]:59880 [200]: POST /receiver.php
[Fri May 24 22:37:08 2024] [::1]:59880 Closing
[Fri May 24 22:37:09 2024] [::1]:59881 Accepted
[Fri May 24 22:37:09 2024] [::1]:59881 [200]: POST /receiver.php
[Fri May 24 22:37:09 2024] [::1]:59881 Closing
[Fri May 24 22:37:11 2024] [::1]:59883 Accepted
[Fri May 24 22:37:11 2024] [::1]:59883 [200]: POST /receiver.php
[Fri May 24 22:37:11 2024] [::1]:59883 Closing
[Fri May 24 22:37:11 2024] [::1]:59884 Accepted
[Fri May 24 22:37:11 2024] [::1]:59884 [200]: POST /receiver.php
[Fri May 24 22:37:11 2024] [::1]:59884 Closing
[Fri May 24 22:37:13 2024] [::1]:59885 Accepted
[Fri May 24 22:37:13 2024] [::1]:59885 [200]: POST /receiver.php
[Fri May 24 22:37:13 2024] [::1]:59885 Closing
[Fri May 24 22:37:13 2024] [::1]:59886 Accepted
[Fri May 24 22:37:13 2024] [::1]:59886 [200]: POST /receiver.php
[Fri May 24 22:37:13 2024] [::1]:59886 Closing
[Fri May 24 22:37:15 2024] [::1]:59887 Accepted
[Fri May 24 22:37:15 2024] [::1]:59887 [200]: POST /receiver.php
[Fri May 24 22:37:15 2024] [::1]:59887 Closing
[Fri May 24 22:37:15 2024] [::1]:59888 Accepted
[Fri May 24 22:37:15 2024] [::1]:59888 [200]: POST /receiver.php
[Fri May 24 22:37:15 2024] [::1]:59888 Closing
[Fri May 24 22:37:17 2024] [::1]:59889 Accepted
[Fri May 24 22:37:17 2024] [::1]:59889 [200]: POST /receiver.php
[Fri May 24 22:37:17 2024] [::1]:59889 Closing
[Fri May 24 22:37:17 2024] [::1]:59890 Accepted
[Fri May 24 22:37:17 2024] [::1]:59890 [200]: POST /receiver.php
[Fri May 24 22:37:17 2024] [::1]:59890 Closing
[Fri May 24 22:37:19 2024] [::1]:59891 Accepted
[Fri May 24 22:37:19 2024] [::1]:59891 [200]: POST /receiver.php
[Fri May 24 22:37:19 2024] [::1]:59891 Closing
[Fri May 24 22:37:19 2024] [::1]:59892 Accepted
[Fri May 24 22:37:19 2024] [::1]:59892 [200]: POST /receiver.php
[Fri May 24 22:37:19 2024] [::1]:59892 Closing
[Fri May 24 22:37:21 2024] [::1]:59893 Accepted
[Fri May 24 22:37:21 2024] [::1]:59893 [200]: POST /receiver.php
[Fri May 24 22:37:21 2024] [::1]:59893 Closing
[Fri May 24 22:37:21 2024] [::1]:59894 Accepted
[Fri May 24 22:37:21 2024] [::1]:59894 [200]: POST /receiver.php
[Fri May 24 22:37:21 2024] [::1]:59894 Closing
[Fri May 24 22:37:21 2024] [::1]:59895 Accepted
[Fri May 24 22:37:21 2024] [::1]:59896 Accepted
[Fri May 24 22:37:21 2024] [::1]:59896 [200]: GET /Panel.php
[Fri May 24 22:37:21 2024] [::1]:59896 Closing
[Fri May 24 22:37:22 2024] [::1]:59895 [200]: GET /assets/css/bootstrap.min.css
[Fri May 24 22:37:22 2024] [::1]:59895 Closing
[Fri May 24 22:37:22 2024] [::1]:59897 Accepted
[Fri May 24 22:37:22 2024] [::1]:59897 [200]: GET /assets/css/utils.css
[Fri May 24 22:37:22 2024] [::1]:59897 Closing
[Fri May 24 22:37:22 2024] [::1]:59898 Accepted
[Fri May 24 22:37:22 2024] [::1]:59898 [404]: GET /assets/js/popper.min.js - No such file or directory
[Fri May 24 22:37:22 2024] [::1]:59898 Closing
[Fri May 24 22:37:22 2024] [::1]:59899 Accepted
[Fri May 24 22:37:22 2024] [::1]:59899 [404]: GET /.assets/js/jquery.min.js - No such file or directory
[Fri May 24 22:37:22 2024] [::1]:59899 Closing
[Fri May 24 22:37:22 2024] [::1]:59900 Accepted
[Fri May 24 22:37:22 2024] [::1]:59900 [200]: GET /assets/js/bootstrap.min.js
[Fri May 24 22:37:22 2024] [::1]:59900 Closing
[Fri May 24 22:37:22 2024] [::1]:59901 Accepted
[Fri May 24 22:37:22 2024] [::1]:59901 [200]: GET /assets/css/light-theme.min.css
[Fri May 24 22:37:22 2024] [::1]:59901 Closing
[Fri May 24 22:37:22 2024] [::1]:59902 Accepted
[Fri May 24 22:37:22 2024] [::1]:59902 [200]: GET /assets/css/Panel.css
[Fri May 24 22:37:22 2024] [::1]:59902 Closing
[Fri May 24 22:37:22 2024] [::1]:59903 Accepted
[Fri May 24 22:37:22 2024] [::1]:59903 [200]: GET /assets/js/jquery.min.js
[Fri May 24 22:37:22 2024] [::1]:59903 Closing
[Fri May 24 22:37:22 2024] [::1]:59904 Accepted
[Fri May 24 22:37:22 2024] [::1]:59904 [200]: GET /assets/css/selection.css
[Fri May 24 22:37:22 2024] [::1]:59904 Closing
[Fri May 24 22:37:22 2024] [::1]:59905 Accepted
[Fri May 24 22:37:22 2024] [::1]:59905 [200]: GET /assets/js/script.js
[Fri May 24 22:37:22 2024] [::1]:59905 Closing
[Fri May 24 22:37:22 2024] [::1]:59906 Accepted
[Fri May 24 22:37:22 2024] [::1]:59906 [404]: GET /assets/js/bootstrap.bundle.min.js - No such file or directory
[Fri May 24 22:37:22 2024] [::1]:59906 Closing
[Fri May 24 22:37:22 2024] [::1]:59907 Accepted
[Fri May 24 22:37:22 2024] [::1]:59907 [200]: GET /assets/js/sweetalert2.min.js
[Fri May 24 22:37:22 2024] [::1]:59907 Closing
[Fri May 24 22:37:22 2024] [::1]:59908 Accepted
[Fri May 24 22:37:22 2024] [::1]:59908 [200]: GET /assets/js/growl-notification.min.js
[Fri May 24 22:37:22 2024] [::1]:59908 Closing
[Fri May 24 22:37:22 2024] [::1]:59909 Accepted
[Fri May 24 22:37:22 2024] [::1]:59909 [200]: GET /assets/js/particles.min.js
[Fri May 24 22:37:22 2024] [::1]:59909 Closing
[Fri May 24 22:37:22 2024] [::1]:59910 Accepted
[Fri May 24 22:37:22 2024] [::1]:59910 [200]: GET /assets/img/fav-light.png
[Fri May 24 22:37:22 2024] [::1]:59910 Closing
[Fri May 24 22:37:22 2024] [::1]:59911 Accepted
[Fri May 24 22:37:22 2024] [::1]:59911 [200]: GET /assets/json/panel.back.json
[Fri May 24 22:37:22 2024] [::1]:59911 Closing
[Fri May 24 22:37:22 2024] [::1]:59912 Accepted
[Fri May 24 22:37:22 2024] [::1]:59912 [200]: GET /assets/img/login/background.png
[Fri May 24 22:37:22 2024] [::1]:59912 Closing
[Fri May 24 22:37:22 2024] [::1]:59913 Accepted
[Fri May 24 22:37:22 2024] [::1]:59913 [200]: GET /Settings.json
[Fri May 24 22:37:22 2024] [::1]:59913 Closing
[Fri May 24 22:37:27 2024] [::1]:59917 Accepted
[Fri May 24 22:37:27 2024] [::1]:59917 [200]: POST /receiver.php
[Fri May 24 22:37:27 2024] [::1]:59917 Closing
[Fri May 24 22:37:27 2024] [::1]:59918 Accepted
[Fri May 24 22:37:27 2024] [::1]:59918 [200]: POST /receiver.php
[Fri May 24 22:37:27 2024] [::1]:59918 Closing
[Fri May 24 22:37:27 2024] [::1]:59919 Accepted
[Fri May 24 22:37:27 2024] [::1]:59919 [302]: GET /
[Fri May 24 22:37:27 2024] [::1]:59919 Closing
[Fri May 24 22:37:27 2024] [::1]:59920 Accepted
[Fri May 24 22:37:27 2024] [::1]:59920 [200]: GET /Panel.php
[Fri May 24 22:37:27 2024] [::1]:59920 Closing
[Fri May 24 22:37:27 2024] [::1]:59921 Accepted
[Fri May 24 22:37:27 2024] [::1]:59921 [200]: GET /assets/css/bootstrap.min.css
[Fri May 24 22:37:27 2024] [::1]:59921 Closing
[Fri May 24 22:37:27 2024] [::1]:59922 Accepted
[Fri May 24 22:37:27 2024] [::1]:59922 [200]: GET /assets/css/utils.css
[Fri May 24 22:37:27 2024] [::1]:59922 Closing
[Fri May 24 22:37:27 2024] [::1]:59923 Accepted
[Fri May 24 22:37:27 2024] [::1]:59923 [404]: GET /assets/js/popper.min.js - No such file or directory
[Fri May 24 22:37:27 2024] [::1]:59923 Closing
[Fri May 24 22:37:27 2024] [::1]:59924 Accepted
[Fri May 24 22:37:27 2024] [::1]:59924 [404]: GET /.assets/js/jquery.min.js - No such file or directory
[Fri May 24 22:37:27 2024] [::1]:59924 Closing
[Fri May 24 22:37:27 2024] [::1]:59925 Accepted
[Fri May 24 22:37:27 2024] [::1]:59925 [200]: GET /assets/js/bootstrap.min.js
[Fri May 24 22:37:27 2024] [::1]:59925 Closing
[Fri May 24 22:37:27 2024] [::1]:59926 Accepted
[Fri May 24 22:37:27 2024] [::1]:59926 [200]: GET /assets/css/light-theme.min.css
[Fri May 24 22:37:27 2024] [::1]:59926 Closing
[Fri May 24 22:37:27 2024] [::1]:59927 Accepted
[Fri May 24 22:37:27 2024] [::1]:59927 [200]: GET /assets/css/Panel.css
[Fri May 24 22:37:27 2024] [::1]:59927 Closing
[Fri May 24 22:37:27 2024] [::1]:59928 Accepted
[Fri May 24 22:37:27 2024] [::1]:59928 [200]: GET /assets/js/jquery.min.js
[Fri May 24 22:37:27 2024] [::1]:59928 Closing
[Fri May 24 22:37:27 2024] [::1]:59929 Accepted
[Fri May 24 22:37:27 2024] [::1]:59929 [200]: GET /assets/css/selection.css
[Fri May 24 22:37:27 2024] [::1]:59929 Closing
[Fri May 24 22:37:27 2024] [::1]:59930 Accepted
[Fri May 24 22:37:27 2024] [::1]:59930 [200]: GET /assets/js/script.js
[Fri May 24 22:37:27 2024] [::1]:59930 Closing
[Fri May 24 22:37:27 2024] [::1]:59931 Accepted
[Fri May 24 22:37:27 2024] [::1]:59931 [404]: GET /assets/js/bootstrap.bundle.min.js - No such file or directory
[Fri May 24 22:37:27 2024] [::1]:59931 Closing
[Fri May 24 22:37:27 2024] [::1]:59932 Accepted
[Fri May 24 22:37:27 2024] [::1]:59932 [200]: GET /assets/js/sweetalert2.min.js
[Fri May 24 22:37:27 2024] [::1]:59932 Closing
[Fri May 24 22:37:27 2024] [::1]:59933 Accepted
[Fri May 24 22:37:27 2024] [::1]:59933 [200]: GET /assets/js/growl-notification.min.js
[Fri May 24 22:37:27 2024] [::1]:59933 Closing
[Fri May 24 22:37:27 2024] [::1]:59934 Accepted
[Fri May 24 22:37:27 2024] [::1]:59934 [200]: GET /assets/js/particles.min.js
[Fri May 24 22:37:27 2024] [::1]:59934 Closing
[Fri May 24 22:37:28 2024] [::1]:59935 Accepted
[Fri May 24 22:37:28 2024] [::1]:59935 [200]: GET /assets/img/fav-light.png
[Fri May 24 22:37:28 2024] [::1]:59935 Closing
[Fri May 24 22:37:28 2024] [::1]:59936 Accepted
[Fri May 24 22:37:28 2024] [::1]:59936 [200]: GET /assets/json/panel.back.json
[Fri May 24 22:37:28 2024] [::1]:59936 Closing
[Fri May 24 22:37:28 2024] [::1]:59937 Accepted
[Fri May 24 22:37:28 2024] [::1]:59937 [200]: GET /assets/img/login/background.png
[Fri May 24 22:37:28 2024] [::1]:59937 Closing
[Fri May 24 22:37:28 2024] [::1]:59938 Accepted
[Fri May 24 22:37:28 2024] [::1]:59938 [200]: GET /Settings.json
[Fri May 24 22:37:28 2024] [::1]:59938 Closing
[Fri May 24 22:37:31 2024] [::1]:59941 Accepted
[Fri May 24 22:37:31 2024] [::1]:59941 [200]: POST /receiver.php
[Fri May 24 22:37:31 2024] [::1]:59941 Closing
[Fri May 24 22:37:31 2024] [::1]:59942 Accepted
[Fri May 24 22:37:31 2024] [::1]:59942 [200]: POST /receiver.php
[Fri May 24 22:37:31 2024] [::1]:59942 Closing
[Fri May 24 22:37:33 2024] [::1]:59944 Accepted
[Fri May 24 22:37:33 2024] [::1]:59945 Accepted
[Fri May 24 22:37:33 2024] [::1]:59945 [200]: POST /receiver.php
[Fri May 24 22:37:33 2024] [::1]:59945 Closing
[Fri May 24 22:37:33 2024] [::1]:59944 [200]: POST /receiver.php
[Fri May 24 22:37:33 2024] [::1]:59944 Closing
[Fri May 24 22:37:35 2024] [::1]:59946 Accepted
[Fri May 24 22:37:35 2024] [::1]:59947 Accepted
[Fri May 24 22:37:35 2024] [::1]:59947 [200]: POST /receiver.php
[Fri May 24 22:37:35 2024] [::1]:59947 Closing
[Fri May 24 22:37:35 2024] [::1]:59946 [200]: POST /receiver.php
[Fri May 24 22:37:35 2024] [::1]:59946 Closing
[Fri May 24 22:37:37 2024] [::1]:59949 Accepted
[Fri May 24 22:37:37 2024] [::1]:59950 Accepted
[Fri May 24 22:37:37 2024] [::1]:59950 [200]: POST /receiver.php
[Fri May 24 22:37:37 2024] [::1]:59950 Closing
[Fri May 24 22:37:37 2024] [::1]:59949 [200]: POST /receiver.php
[Fri May 24 22:37:37 2024] [::1]:59949 Closing
[Fri May 24 22:37:39 2024] [::1]:59951 Accepted
[Fri May 24 22:37:39 2024] [::1]:59952 Accepted
[Fri May 24 22:37:39 2024] [::1]:59952 [200]: POST /receiver.php
[Fri May 24 22:37:39 2024] [::1]:59952 Closing
[Fri May 24 22:37:39 2024] [::1]:59951 [200]: POST /receiver.php
[Fri May 24 22:37:39 2024] [::1]:59951 Closing
[Fri May 24 22:37:41 2024] [::1]:59953 Accepted
[Fri May 24 22:37:41 2024] [::1]:59954 Accepted
[Fri May 24 22:37:41 2024] [::1]:59954 [200]: POST /receiver.php
[Fri May 24 22:37:41 2024] [::1]:59954 Closing
[Fri May 24 22:37:41 2024] [::1]:59953 [200]: POST /receiver.php
[Fri May 24 22:37:41 2024] [::1]:59953 Closing
[Fri May 24 22:37:43 2024] [::1]:59955 Accepted
[Fri May 24 22:37:43 2024] [::1]:59956 Accepted
[Fri May 24 22:37:43 2024] [::1]:59956 [200]: POST /receiver.php
[Fri May 24 22:37:43 2024] [::1]:59956 Closing
[Fri May 24 22:37:43 2024] [::1]:59955 [200]: POST /receiver.php
[Fri May 24 22:37:43 2024] [::1]:59955 Closing
[Fri May 24 22:37:44 2024] [::1]:59957 Accepted
[Fri May 24 22:37:44 2024] [::1]:59958 Accepted
[Fri May 24 22:37:44 2024] [::1]:59958 [200]: POST /Panel.php
[Fri May 24 22:37:44 2024] [::1]:59958 Closing
[Fri May 24 22:37:44 2024] [::1]:59957 [200]: GET /assets/css/bootstrap.min.css
[Fri May 24 22:37:44 2024] [::1]:59957 Closing
[Fri May 24 22:37:44 2024] [::1]:59959 Accepted
[Fri May 24 22:37:44 2024] [::1]:59960 Accepted
[Fri May 24 22:37:44 2024] [::1]:59961 Accepted
[Fri May 24 22:37:44 2024] [::1]:59959 [200]: GET /assets/css/utils.css
[Fri May 24 22:37:44 2024] [::1]:59960 [404]: GET /assets/js/popper.min.js - No such file or directory
[Fri May 24 22:37:44 2024] [::1]:59961 [404]: GET /.assets/js/jquery.min.js - No such file or directory
[Fri May 24 22:37:44 2024] [::1]:59960 Closing
[Fri May 24 22:37:44 2024] [::1]:59959 Closing
[Fri May 24 22:37:44 2024] [::1]:59961 Closing
[Fri May 24 22:37:44 2024] [::1]:59962 Accepted
[Fri May 24 22:37:44 2024] [::1]:59962 [200]: GET /assets/js/bootstrap.min.js
[Fri May 24 22:37:44 2024] [::1]:59962 Closing
[Fri May 24 22:37:44 2024] [::1]:59963 Accepted
[Fri May 24 22:37:44 2024] [::1]:59963 [200]: GET /assets/css/light-theme.min.css
[Fri May 24 22:37:44 2024] [::1]:59963 Closing
[Fri May 24 22:37:44 2024] [::1]:59964 Accepted
[Fri May 24 22:37:44 2024] [::1]:59964 [200]: GET /assets/css/Panel.css
[Fri May 24 22:37:44 2024] [::1]:59964 Closing
[Fri May 24 22:37:44 2024] [::1]:59965 Accepted
[Fri May 24 22:37:44 2024] [::1]:59966 Accepted
[Fri May 24 22:37:44 2024] [::1]:59967 Accepted
[Fri May 24 22:37:44 2024] [::1]:59965 [200]: GET /assets/js/jquery.min.js
[Fri May 24 22:37:44 2024] [::1]:59965 Closing
[Fri May 24 22:37:44 2024] [::1]:59966 [200]: GET /assets/img/fav-light.png
[Fri May 24 22:37:44 2024] [::1]:59967 [200]: GET /assets/css/selection.css
[Fri May 24 22:37:44 2024] [::1]:59966 Closing
[Fri May 24 22:37:44 2024] [::1]:59967 Closing
[Fri May 24 22:37:44 2024] [::1]:59968 Accepted
[Fri May 24 22:37:44 2024] [::1]:59968 [200]: GET /assets/js/script.js
[Fri May 24 22:37:45 2024] [::1]:59968 Closing
[Fri May 24 22:37:45 2024] [::1]:59969 Accepted
[Fri May 24 22:37:45 2024] [::1]:59970 Accepted
[Fri May 24 22:37:45 2024] [::1]:59971 Accepted
[Fri May 24 22:37:45 2024] [::1]:59972 Accepted
[Fri May 24 22:37:45 2024] [::1]:59969 [404]: GET /assets/js/bootstrap.bundle.min.js - No such file or directory
[Fri May 24 22:37:45 2024] [::1]:59969 Closing
[Fri May 24 22:37:45 2024] [::1]:59970 [200]: GET /assets/js/sweetalert2.min.js
[Fri May 24 22:37:45 2024] [::1]:59970 Closing
[Fri May 24 22:37:45 2024] [::1]:59971 [200]: GET /assets/js/growl-notification.min.js
[Fri May 24 22:37:45 2024] [::1]:59971 Closing
[Fri May 24 22:37:45 2024] [::1]:59972 [200]: GET /assets/js/particles.min.js
[Fri May 24 22:37:45 2024] [::1]:59972 Closing
[Fri May 24 22:37:45 2024] [::1]:59973 Accepted
[Fri May 24 22:37:45 2024] [::1]:59973 [200]: GET /assets/img/login/background.png
[Fri May 24 22:37:45 2024] [::1]:59973 Closing
[Fri May 24 22:37:45 2024] [::1]:59974 Accepted
[Fri May 24 22:37:45 2024] [::1]:59977 Accepted
[Fri May 24 22:37:45 2024] [::1]:59977 [200]: GET /assets/json/panel.back.json
[Fri May 24 22:37:45 2024] [::1]:59974 [200]: GET /Settings.json
[Fri May 24 22:37:45 2024] [::1]:59977 Closing
[Fri May 24 22:37:45 2024] [::1]:59974 Closing
[Fri May 24 22:37:48 2024] [::1]:59979 Accepted
[Fri May 24 22:37:48 2024] [::1]:59980 Accepted
[Fri May 24 22:37:48 2024] [::1]:59980 [200]: POST /receiver.php
[Fri May 24 22:37:48 2024] [::1]:59980 Closing
[Fri May 24 22:37:48 2024] [::1]:59979 [200]: POST /receiver.php
[Fri May 24 22:37:48 2024] [::1]:59979 Closing
[Fri May 24 22:37:51 2024] [::1]:59982 Accepted
[Fri May 24 22:37:51 2024] [::1]:59982 [200]: POST /receiver.php
[Fri May 24 22:37:51 2024] [::1]:59982 Closing
[Fri May 24 22:37:51 2024] [::1]:59983 Accepted
[Fri May 24 22:37:51 2024] [::1]:59983 [200]: POST /receiver.php
[Fri May 24 22:37:51 2024] [::1]:59983 Closing
[Fri May 24 22:37:53 2024] [::1]:59984 Accepted
[Fri May 24 22:37:53 2024] [::1]:59984 [200]: POST /receiver.php
[Fri May 24 22:37:53 2024] [::1]:59984 Closing
[Fri May 24 22:37:53 2024] [::1]:59985 Accepted
[Fri May 24 22:37:53 2024] [::1]:59985 [200]: POST /receiver.php
[Fri May 24 22:37:53 2024] [::1]:59985 Closing
[Fri May 24 22:37:54 2024] [::1]:59986 Accepted
[Fri May 24 22:37:54 2024] [::1]:59986 [302]: GET /templates/google
[Fri May 24 22:37:54 2024] [::1]:59986 Closing
[Fri May 24 22:37:54 2024] [::1]:59987 Accepted
[Fri May 24 22:37:54 2024] [::1]:59987 [404]: GET /templates/login.html - No such file or directory
[Fri May 24 22:37:54 2024] [::1]:59987 Closing
[Fri May 24 22:37:55 2024] [::1]:59990 Accepted
[Fri May 24 22:37:55 2024] [::1]:59990 [200]: POST /receiver.php
[Fri May 24 22:37:55 2024] [::1]:59990 Closing
[Fri May 24 22:37:55 2024] [::1]:59991 Accepted
[Fri May 24 22:37:55 2024] [::1]:59991 [200]: POST /receiver.php
[Fri May 24 22:37:55 2024] [::1]:59991 Closing
[Fri May 24 22:37:56 2024] [::1]:59992 Accepted
[Fri May 24 22:37:56 2024] [::1]:59993 Accepted
[Fri May 24 22:37:56 2024] [::1]:59993 [200]: POST /receiver.php
[Fri May 24 22:37:56 2024] [::1]:59993 Closing
[Fri May 24 22:37:56 2024] [::1]:59992 [200]: POST /receiver.php
[Fri May 24 22:37:56 2024] [::1]:59992 Closing
[Fri May 24 22:37:58 2024] [::1]:59994 Accepted
[Fri May 24 22:37:58 2024] [::1]:59994 [200]: POST /receiver.php
[Fri May 24 22:37:58 2024] [::1]:59994 Closing
[Fri May 24 22:37:58 2024] [::1]:59995 Accepted
[Fri May 24 22:37:58 2024] [::1]:59995 [200]: POST /receiver.php
[Fri May 24 22:37:58 2024] [::1]:59995 Closing
[Fri May 24 22:38:00 2024] [::1]:59998 Accepted
[Fri May 24 22:38:00 2024] [::1]:59999 Accepted
[Fri May 24 22:38:00 2024] [::1]:59999 [200]: POST /receiver.php
[Fri May 24 22:38:00 2024] [::1]:59999 Closing
[Fri May 24 22:38:00 2024] [::1]:59998 [200]: POST /receiver.php
[Fri May 24 22:38:00 2024] [::1]:59998 Closing
[Fri May 24 22:38:03 2024] [::1]:60000 Accepted
[Fri May 24 22:38:03 2024] [::1]:60001 Accepted
[Fri May 24 22:38:03 2024] [::1]:60000 [200]: POST /receiver.php
[Fri May 24 22:38:03 2024] [::1]:60000 Closing
[Fri May 24 22:38:03 2024] [::1]:60001 [200]: POST /receiver.php
[Fri May 24 22:38:03 2024] [::1]:60001 Closing
[Fri May 24 22:38:05 2024] [::1]:60002 Accepted
[Fri May 24 22:38:05 2024] [::1]:60003 Accepted
[Fri May 24 22:38:05 2024] [::1]:60002 [200]: POST /receiver.php
[Fri May 24 22:38:05 2024] [::1]:60002 Closing
[Fri May 24 22:38:05 2024] [::1]:60003 [200]: POST /receiver.php
[Fri May 24 22:38:05 2024] [::1]:60003 Closing
[Fri May 24 22:38:07 2024] [::1]:60004 Accepted
[Fri May 24 22:38:07 2024] [::1]:60004 [200]: POST /receiver.php
[Fri May 24 22:38:07 2024] [::1]:60004 Closing
[Fri May 24 22:38:07 2024] [::1]:60005 Accepted
[Fri May 24 22:38:07 2024] [::1]:60005 [200]: POST /receiver.php
[Fri May 24 22:38:07 2024] [::1]:60005 Closing
[Fri May 24 22:38:09 2024] [::1]:60007 Accepted
[Fri May 24 22:38:09 2024] [::1]:60007 [200]: POST /receiver.php
[Fri May 24 22:38:09 2024] [::1]:60007 Closing
[Fri May 24 22:38:09 2024] [::1]:60008 Accepted
[Fri May 24 22:38:09 2024] [::1]:60008 [200]: POST /receiver.php
[Fri May 24 22:38:09 2024] [::1]:60008 Closing
[Fri May 24 22:38:11 2024] [::1]:60009 Accepted
[Fri May 24 22:38:11 2024] [::1]:60010 Accepted
[Fri May 24 22:38:11 2024] [::1]:60009 [200]: POST /receiver.php
[Fri May 24 22:38:11 2024] [::1]:60009 Closing
[Fri May 24 22:38:11 2024] [::1]:60010 [200]: POST /receiver.php
[Fri May 24 22:38:11 2024] [::1]:60010 Closing
[Fri May 24 22:38:13 2024] [::1]:60011 Accepted
[Fri May 24 22:38:13 2024] [::1]:60012 Accepted
[Fri May 24 22:38:13 2024] [::1]:60011 [200]: POST /receiver.php
[Fri May 24 22:38:13 2024] [::1]:60011 Closing
[Fri May 24 22:38:13 2024] [::1]:60012 [200]: POST /receiver.php
[Fri May 24 22:38:13 2024] [::1]:60012 Closing
[Fri May 24 22:38:15 2024] [::1]:60013 Accepted
[Fri May 24 22:38:15 2024] [::1]:60013 [200]: POST /receiver.php
[Fri May 24 22:38:15 2024] [::1]:60013 Closing
[Fri May 24 22:38:15 2024] [::1]:60014 Accepted
[Fri May 24 22:38:15 2024] [::1]:60014 [200]: POST /receiver.php
[Fri May 24 22:38:15 2024] [::1]:60014 Closing
[Fri May 24 22:38:17 2024] [::1]:60015 Accepted
[Fri May 24 22:38:17 2024] [::1]:60015 [200]: POST /receiver.php
[Fri May 24 22:38:17 2024] [::1]:60015 Closing
[Fri May 24 22:38:17 2024] [::1]:60016 Accepted
[Fri May 24 22:38:17 2024] [::1]:60016 [200]: POST /receiver.php
[Fri May 24 22:38:17 2024] [::1]:60016 Closing
[Fri May 24 22:38:19 2024] [::1]:60018 Accepted
[Fri May 24 22:38:19 2024] [::1]:60018 [200]: POST /receiver.php
[Fri May 24 22:38:19 2024] [::1]:60018 Closing
[Fri May 24 22:38:19 2024] [::1]:60019 Accepted
[Fri May 24 22:38:19 2024] [::1]:60019 [200]: POST /receiver.php
[Fri May 24 22:38:19 2024] [::1]:60019 Closing
[Fri May 24 22:38:21 2024] [::1]:60020 Accepted
[Fri May 24 22:38:21 2024] [::1]:60021 Accepted
[Fri May 24 22:38:21 2024] [::1]:60020 [200]: POST /receiver.php
[Fri May 24 22:38:21 2024] [::1]:60020 Closing
[Fri May 24 22:38:21 2024] [::1]:60021 [200]: POST /receiver.php
[Fri May 24 22:38:21 2024] [::1]:60021 Closing
[Fri May 24 22:38:23 2024] [::1]:60022 Accepted
[Fri May 24 22:38:23 2024] [::1]:60022 [200]: POST /receiver.php
[Fri May 24 22:38:23 2024] [::1]:60022 Closing
[Fri May 24 22:38:23 2024] [::1]:60023 Accepted
[Fri May 24 22:38:23 2024] [::1]:60023 [200]: POST /receiver.php
[Fri May 24 22:38:23 2024] [::1]:60023 Closing
[Fri May 24 22:38:25 2024] [::1]:60024 Accepted
[Fri May 24 22:38:25 2024] [::1]:60024 [200]: POST /receiver.php
[Fri May 24 22:38:25 2024] [::1]:60024 Closing
[Fri May 24 22:38:25 2024] [::1]:60025 Accepted
[Fri May 24 22:38:25 2024] [::1]:60025 [200]: POST /receiver.php
[Fri May 24 22:38:25 2024] [::1]:60025 Closing
[Fri May 24 22:38:27 2024] [::1]:60026 Accepted
[Fri May 24 22:38:27 2024] [::1]:60026 [200]: POST /receiver.php
[Fri May 24 22:38:27 2024] [::1]:60026 Closing
[Fri May 24 22:38:27 2024] [::1]:60027 Accepted
[Fri May 24 22:38:27 2024] [::1]:60027 [200]: POST /receiver.php
[Fri May 24 22:38:27 2024] [::1]:60027 Closing
[Fri May 24 22:38:29 2024] [::1]:60028 Accepted
[Fri May 24 22:38:29 2024] [::1]:60028 [200]: POST /receiver.php
[Fri May 24 22:38:29 2024] [::1]:60028 Closing
[Fri May 24 22:38:29 2024] [::1]:60029 Accepted
[Fri May 24 22:38:29 2024] [::1]:60029 [200]: POST /receiver.php
[Fri May 24 22:38:29 2024] [::1]:60029 Closing
[Fri May 24 22:38:31 2024] [::1]:60030 Accepted
[Fri May 24 22:38:31 2024] [::1]:60030 [200]: POST /receiver.php
[Fri May 24 22:38:31 2024] [::1]:60030 Closing
[Fri May 24 22:38:31 2024] [::1]:60031 Accepted
[Fri May 24 22:38:31 2024] [::1]:60031 [200]: POST /receiver.php
[Fri May 24 22:38:31 2024] [::1]:60031 Closing
[Fri May 24 22:38:33 2024] [::1]:60034 Accepted
[Fri May 24 22:38:33 2024] [::1]:60034 [200]: POST /receiver.php
[Fri May 24 22:38:33 2024] [::1]:60034 Closing
[Fri May 24 22:38:33 2024] [::1]:60035 Accepted
[Fri May 24 22:38:33 2024] [::1]:60035 [200]: POST /receiver.php
[Fri May 24 22:38:33 2024] [::1]:60035 Closing
[Fri May 24 22:38:35 2024] [::1]:60036 Accepted
[Fri May 24 22:38:35 2024] [::1]:60036 [200]: POST /receiver.php
[Fri May 24 22:38:35 2024] [::1]:60036 Closing
[Fri May 24 22:38:35 2024] [::1]:60037 Accepted
[Fri May 24 22:38:35 2024] [::1]:60037 [200]: POST /receiver.php
[Fri May 24 22:38:35 2024] [::1]:60037 Closing
[Fri May 24 22:38:37 2024] [::1]:60039 Accepted
[Fri May 24 22:38:37 2024] [::1]:60040 Accepted
[Fri May 24 22:38:37 2024] [::1]:60039 [200]: POST /receiver.php
[Fri May 24 22:38:37 2024] [::1]:60039 Closing
[Fri May 24 22:38:37 2024] [::1]:60040 [200]: POST /receiver.php
[Fri May 24 22:38:37 2024] [::1]:60040 Closing
[Fri May 24 22:38:39 2024] [::1]:60041 Accepted
[Fri May 24 22:38:39 2024] [::1]:60041 [200]: POST /receiver.php
[Fri May 24 22:38:39 2024] [::1]:60041 Closing
[Fri May 24 22:38:39 2024] [::1]:60042 Accepted
[Fri May 24 22:38:39 2024] [::1]:60042 [200]: POST /receiver.php
[Fri May 24 22:38:39 2024] [::1]:60042 Closing
[Fri May 24 22:38:41 2024] [::1]:60043 Accepted
[Fri May 24 22:38:41 2024] [::1]:60043 [200]: POST /receiver.php
[Fri May 24 22:38:41 2024] [::1]:60043 Closing
[Fri May 24 22:38:41 2024] [::1]:60044 Accepted
[Fri May 24 22:38:41 2024] [::1]:60044 [200]: POST /receiver.php
[Fri May 24 22:38:41 2024] [::1]:60044 Closing
[Fri May 24 22:38:43 2024] [::1]:60045 Accepted
[Fri May 24 22:38:43 2024] [::1]:60045 [200]: POST /receiver.php
[Fri May 24 22:38:43 2024] [::1]:60045 Closing
[Fri May 24 22:38:43 2024] [::1]:60046 Accepted
[Fri May 24 22:38:43 2024] [::1]:60046 [200]: POST /receiver.php
[Fri May 24 22:38:43 2024] [::1]:60046 Closing
[Fri May 24 22:38:45 2024] [::1]:60048 Accepted
[Fri May 24 22:38:45 2024] [::1]:60049 Accepted
[Fri May 24 22:38:45 2024] [::1]:60048 [200]: POST /receiver.php
[Fri May 24 22:38:45 2024] [::1]:60048 Closing
[Fri May 24 22:38:45 2024] [::1]:60049 [200]: POST /receiver.php
[Fri May 24 22:38:45 2024] [::1]:60049 Closing
[Fri May 24 22:38:47 2024] [::1]:60051 Accepted
[Fri May 24 22:38:47 2024] [::1]:60051 [200]: POST /receiver.php
[Fri May 24 22:38:47 2024] [::1]:60051 Closing
[Fri May 24 22:38:47 2024] [::1]:60052 Accepted
[Fri May 24 22:38:47 2024] [::1]:60052 [200]: POST /receiver.php
[Fri May 24 22:38:47 2024] [::1]:60052 Closing
[Fri May 24 22:38:49 2024] [::1]:60053 Accepted
[Fri May 24 22:38:49 2024] [::1]:60053 [200]: POST /receiver.php
[Fri May 24 22:38:49 2024] [::1]:60053 Closing
[Fri May 24 22:38:49 2024] [::1]:60054 Accepted
[Fri May 24 22:38:49 2024] [::1]:60054 [200]: POST /receiver.php
[Fri May 24 22:38:49 2024] [::1]:60054 Closing
[Fri May 24 22:38:51 2024] [::1]:60055 Accepted
[Fri May 24 22:38:51 2024] [::1]:60055 [200]: POST /receiver.php
[Fri May 24 22:38:51 2024] [::1]:60055 Closing
[Fri May 24 22:38:51 2024] [::1]:60056 Accepted
[Fri May 24 22:38:51 2024] [::1]:60056 [200]: POST /receiver.php
[Fri May 24 22:38:51 2024] [::1]:60056 Closing
[Fri May 24 22:38:53 2024] [::1]:60057 Accepted
[Fri May 24 22:38:53 2024] [::1]:60057 [200]: POST /receiver.php
[Fri May 24 22:38:53 2024] [::1]:60057 Closing
[Fri May 24 22:38:53 2024] [::1]:60058 Accepted
[Fri May 24 22:38:53 2024] [::1]:60058 [200]: POST /receiver.php
[Fri May 24 22:38:53 2024] [::1]:60058 Closing
[Fri May 24 22:38:55 2024] [::1]:60060 Accepted
[Fri May 24 22:38:55 2024] [::1]:60060 [200]: POST /receiver.php
[Fri May 24 22:38:55 2024] [::1]:60060 Closing
[Fri May 24 22:38:55 2024] [::1]:60061 Accepted
[Fri May 24 22:38:55 2024] [::1]:60061 [200]: POST /receiver.php
[Fri May 24 22:38:55 2024] [::1]:60061 Closing
[Fri May 24 22:38:57 2024] [::1]:60063 Accepted
[Fri May 24 22:38:57 2024] [::1]:60063 [200]: POST /receiver.php
[Fri May 24 22:38:57 2024] [::1]:60063 Closing
[Fri May 24 22:38:57 2024] [::1]:60064 Accepted
[Fri May 24 22:38:57 2024] [::1]:60064 [200]: POST /receiver.php
[Fri May 24 22:38:57 2024] [::1]:60064 Closing
[Fri May 24 22:38:59 2024] [::1]:60065 Accepted
[Fri May 24 22:38:59 2024] [::1]:60066 Accepted
[Fri May 24 22:38:59 2024] [::1]:60065 [200]: POST /receiver.php
[Fri May 24 22:38:59 2024] [::1]:60065 Closing
[Fri May 24 22:38:59 2024] [::1]:60066 [200]: POST /receiver.php
[Fri May 24 22:38:59 2024] [::1]:60066 Closing
[Fri May 24 22:39:03 2024] [::1]:60069 Accepted
[Fri May 24 22:39:03 2024] [::1]:60070 Accepted
[Fri May 24 22:39:03 2024] [::1]:60070 [404]: GET /templates/login.html - No such file or directory
[Fri May 24 22:39:03 2024] [::1]:60070 Closing
[Fri May 24 22:39:04 2024] [::1]:60069 [404]: GET /templates/login.html - No such file or directory
[Fri May 24 22:39:04 2024] [::1]:60069 Closing
[Fri May 24 22:39:04 2024] [::1]:60072 Accepted
[Fri May 24 22:39:04 2024] [::1]:60073 Accepted
[Fri May 24 22:39:09 2024] [::1]:60073 [302]: GET /templates/google
[Fri May 24 22:39:09 2024] [::1]:60073 Closing
[Fri May 24 22:39:09 2024] [::1]:60075 Accepted
[Fri May 24 22:39:09 2024] [::1]:60072 [404]: GET /templates/login.html - No such file or directory
[Fri May 24 22:39:09 2024] [::1]:60072 Closing
[Fri May 24 22:39:10 2024] [::1]:60075 Closed without sending a request; it was probably just an unused speculative preconnection
[Fri May 24 22:39:10 2024] [::1]:60075 Closing
[Fri May 24 22:39:12 2024] [::1]:60077 Accepted
[Fri May 24 22:39:12 2024] [::1]:60078 Accepted
[Fri May 24 22:39:12 2024] [::1]:60078 [200]: POST /receiver.php
[Fri May 24 22:39:12 2024] [::1]:60078 Closing
[Fri May 24 22:39:12 2024] [::1]:60077 [200]: POST /receiver.php
[Fri May 24 22:39:12 2024] [::1]:60077 Closing
[Fri May 24 22:39:14 2024] [::1]:60079 Accepted
[Fri May 24 22:39:14 2024] [::1]:60080 Accepted
[Fri May 24 22:39:14 2024] [::1]:60080 [200]: POST /receiver.php
[Fri May 24 22:39:14 2024] [::1]:60080 Closing
[Fri May 24 22:39:14 2024] [::1]:60079 [200]: POST /receiver.php
[Fri May 24 22:39:14 2024] [::1]:60079 Closing
[Fri May 24 22:39:16 2024] [::1]:60081 Accepted
[Fri May 24 22:39:16 2024] [::1]:60082 Accepted
[Fri May 24 22:39:16 2024] [::1]:60082 [200]: POST /receiver.php
[Fri May 24 22:39:16 2024] [::1]:60082 Closing
[Fri May 24 22:39:16 2024] [::1]:60081 [200]: POST /receiver.php
[Fri May 24 22:39:16 2024] [::1]:60081 Closing
[Fri May 24 22:39:17 2024] [::1]:60083 Accepted
[Fri May 24 22:39:17 2024] [::1]:60084 Accepted
[Fri May 24 22:39:17 2024] [::1]:60084 [200]: GET /saved/IP.dat
[Fri May 24 22:39:17 2024] [::1]:60084 Closing
[Fri May 24 22:39:18 2024] [::1]:60083 [200]: POST /receiver.php
[Fri May 24 22:39:18 2024] [::1]:60083 Closing
[Fri May 24 22:39:18 2024] [::1]:60086 Accepted
[Fri May 24 22:39:18 2024] [::1]:60086 [200]: POST /receiver.php
[Fri May 24 22:39:18 2024] [::1]:60086 Closing
[Fri May 24 22:39:20 2024] [::1]:60089 Accepted
[Fri May 24 22:39:20 2024] [::1]:60090 Accepted
[Fri May 24 22:39:20 2024] [::1]:60090 [200]: POST /receiver.php
[Fri May 24 22:39:20 2024] [::1]:60090 Closing
[Fri May 24 22:39:20 2024] [::1]:60089 [200]: POST /receiver.php
[Fri May 24 22:39:20 2024] [::1]:60089 Closing
[Fri May 24 22:39:22 2024] [::1]:60091 Accepted
[Fri May 24 22:39:22 2024] [::1]:60092 Accepted
[Fri May 24 22:39:22 2024] [::1]:60092 [200]: POST /receiver.php
[Fri May 24 22:39:22 2024] [::1]:60092 Closing
[Fri May 24 22:39:22 2024] [::1]:60091 [200]: POST /receiver.php
[Fri May 24 22:39:22 2024] [::1]:60091 Closing
[Fri May 24 22:39:24 2024] [::1]:60093 Accepted
[Fri May 24 22:39:24 2024] [::1]:60094 Accepted
[Fri May 24 22:39:24 2024] [::1]:60094 [200]: POST /receiver.php
[Fri May 24 22:39:24 2024] [::1]:60094 Closing
[Fri May 24 22:39:24 2024] [::1]:60093 [200]: POST /receiver.php
[Fri May 24 22:39:24 2024] [::1]:60093 Closing
[Fri May 24 22:39:26 2024] [::1]:60095 Accepted
[Fri May 24 22:39:26 2024] [::1]:60096 Accepted
[Fri May 24 22:39:26 2024] [::1]:60096 [200]: POST /receiver.php
[Fri May 24 22:39:26 2024] [::1]:60096 Closing
[Fri May 24 22:39:26 2024] [::1]:60095 [200]: POST /receiver.php
[Fri May 24 22:39:26 2024] [::1]:60095 Closing
[Fri May 24 22:39:28 2024] [::1]:60098 Accepted
[Fri May 24 22:39:28 2024] [::1]:60099 Accepted
[Fri May 24 22:39:28 2024] [::1]:60099 [200]: POST /receiver.php
[Fri May 24 22:39:28 2024] [::1]:60099 Closing
[Fri May 24 22:39:28 2024] [::1]:60098 [200]: POST /receiver.php
[Fri May 24 22:39:28 2024] [::1]:60098 Closing
[Fri May 24 22:39:31 2024] [::1]:60100 Accepted
[Fri May 24 22:39:31 2024] [::1]:60100 [200]: POST /receiver.php
[Fri May 24 22:39:31 2024] [::1]:60100 Closing
[Fri May 24 22:39:31 2024] [::1]:60101 Accepted
[Fri May 24 22:39:31 2024] [::1]:60101 [200]: POST /receiver.php
[Fri May 24 22:39:31 2024] [::1]:60101 Closing
[Fri May 24 22:39:32 2024] [::1]:60102 Accepted
[Fri May 24 22:39:32 2024] [::1]:60103 Accepted
[Fri May 24 22:39:32 2024] [::1]:60102 [200]: POST /receiver.php
[Fri May 24 22:39:32 2024] [::1]:60102 Closing
[Fri May 24 22:39:32 2024] [::1]:60103 [200]: POST /receiver.php
[Fri May 24 22:39:32 2024] [::1]:60103 Closing
[Fri May 24 22:39:34 2024] [::1]:60104 Accepted
[Fri May 24 22:39:34 2024] [::1]:60104 [200]: POST /receiver.php
[Fri May 24 22:39:34 2024] [::1]:60104 Closing
[Fri May 24 22:39:34 2024] [::1]:60105 Accepted
[Fri May 24 22:39:34 2024] [::1]:60105 [200]: POST /receiver.php
[Fri May 24 22:39:34 2024] [::1]:60105 Closing
[Fri May 24 22:39:37 2024] [::1]:60109 Accepted
[Fri May 24 22:39:37 2024] [::1]:60109 [200]: POST /receiver.php
[Fri May 24 22:39:37 2024] [::1]:60109 Closing
[Fri May 24 22:39:37 2024] [::1]:60110 Accepted
[Fri May 24 22:39:37 2024] [::1]:60110 [200]: POST /receiver.php
[Fri May 24 22:39:37 2024] [::1]:60110 Closing
[Fri May 24 22:39:39 2024] [::1]:60115 Accepted
[Fri May 24 22:39:39 2024] [::1]:60115 [200]: POST /receiver.php
[Fri May 24 22:39:39 2024] [::1]:60115 Closing
[Fri May 24 22:39:39 2024] [::1]:60116 Accepted
[Fri May 24 22:39:39 2024] [::1]:60116 [200]: POST /receiver.php
[Fri May 24 22:39:39 2024] [::1]:60116 Closing
[Fri May 24 22:39:41 2024] [::1]:60117 Accepted
[Fri May 24 22:39:41 2024] [::1]:60117 [200]: POST /receiver.php
[Fri May 24 22:39:41 2024] [::1]:60117 Closing
[Fri May 24 22:39:41 2024] [::1]:60118 Accepted
[Fri May 24 22:39:41 2024] [::1]:60118 [200]: POST /receiver.php
[Fri May 24 22:39:41 2024] [::1]:60118 Closing
[Fri May 24 22:39:43 2024] [::1]:60135 Accepted
[Fri May 24 22:39:43 2024] [::1]:60135 [200]: POST /receiver.php
[Fri May 24 22:39:43 2024] [::1]:60135 Closing
[Fri May 24 22:39:43 2024] [::1]:60136 Accepted
[Fri May 24 22:39:43 2024] [::1]:60136 [200]: POST /receiver.php
[Fri May 24 22:39:43 2024] [::1]:60136 Closing
[Fri May 24 22:39:45 2024] [::1]:60162 Accepted
[Fri May 24 22:39:45 2024] [::1]:60162 [200]: POST /receiver.php
[Fri May 24 22:39:45 2024] [::1]:60162 Closing
[Fri May 24 22:39:45 2024] [::1]:60165 Accepted
[Fri May 24 22:39:45 2024] [::1]:60165 [200]: POST /receiver.php
[Fri May 24 22:39:45 2024] [::1]:60165 Closing
[Fri May 24 22:39:47 2024] [::1]:60169 Accepted
[Fri May 24 22:39:47 2024] [::1]:60170 Accepted
[Fri May 24 22:39:47 2024] [::1]:60169 [200]: POST /receiver.php
[Fri May 24 22:39:47 2024] [::1]:60169 Closing
[Fri May 24 22:39:47 2024] [::1]:60170 [200]: POST /receiver.php
[Fri May 24 22:39:47 2024] [::1]:60170 Closing
[Fri May 24 22:39:48 2024] [::1]:60180 Accepted
[Fri May 24 22:39:48 2024] [::1]:60180 [200]: POST /receiver.php
[Fri May 24 22:39:48 2024] [::1]:60180 Closing
[Fri May 24 22:39:48 2024] [::1]:60181 Accepted
[Fri May 24 22:39:49 2024] [::1]:60181 [200]: POST /receiver.php
[Fri May 24 22:39:49 2024] [::1]:60181 Closing
[Fri May 24 22:39:50 2024] [::1]:60182 Accepted
[Fri May 24 22:39:50 2024] [::1]:60182 [200]: POST /receiver.php
[Fri May 24 22:39:50 2024] [::1]:60182 Closing
[Fri May 24 22:39:50 2024] [::1]:60183 Accepted
[Fri May 24 22:39:50 2024] [::1]:60183 [200]: POST /receiver.php
[Fri May 24 22:39:50 2024] [::1]:60183 Closing
[Fri May 24 22:39:52 2024] [::1]:60203 Accepted
[Fri May 24 22:39:52 2024] [::1]:60203 [200]: POST /receiver.php
[Fri May 24 22:39:52 2024] [::1]:60203 Closing
[Fri May 24 22:39:52 2024] [::1]:60204 Accepted
[Fri May 24 22:39:52 2024] [::1]:60204 [200]: POST /receiver.php
[Fri May 24 22:39:52 2024] [::1]:60204 Closing
[Fri May 24 22:39:55 2024] [::1]:60211 Accepted
[Fri May 24 22:39:55 2024] [::1]:60211 [200]: POST /receiver.php
[Fri May 24 22:39:55 2024] [::1]:60211 Closing
[Fri May 24 22:39:55 2024] [::1]:60212 Accepted
[Fri May 24 22:39:55 2024] [::1]:60212 [200]: POST /receiver.php
[Fri May 24 22:39:55 2024] [::1]:60212 Closing
[Fri May 24 22:39:57 2024] [::1]:60216 Accepted
[Fri May 24 22:39:57 2024] [::1]:60216 [200]: POST /receiver.php
[Fri May 24 22:39:57 2024] [::1]:60216 Closing
[Fri May 24 22:39:57 2024] [::1]:60217 Accepted
[Fri May 24 22:39:57 2024] [::1]:60217 [200]: POST /receiver.php
[Fri May 24 22:39:57 2024] [::1]:60217 Closing
[Fri May 24 22:39:59 2024] [::1]:60222 Accepted
[Fri May 24 22:39:59 2024] [::1]:60222 [200]: POST /receiver.php
[Fri May 24 22:39:59 2024] [::1]:60222 Closing
[Fri May 24 22:39:59 2024] [::1]:60223 Accepted
[Fri May 24 22:39:59 2024] [::1]:60223 [200]: POST /receiver.php
[Fri May 24 22:39:59 2024] [::1]:60223 Closing
[Fri May 24 22:40:01 2024] [::1]:60225 Accepted
[Fri May 24 22:40:01 2024] [::1]:60225 [200]: POST /receiver.php
[Fri May 24 22:40:01 2024] [::1]:60225 Closing
[Fri May 24 22:40:01 2024] [::1]:60226 Accepted
[Fri May 24 22:40:01 2024] [::1]:60226 [200]: POST /receiver.php
[Fri May 24 22:40:01 2024] [::1]:60226 Closing
[Fri May 24 22:40:03 2024] [::1]:60227 Accepted
[Fri May 24 22:40:03 2024] [::1]:60228 Accepted
[Fri May 24 22:40:03 2024] [::1]:60227 [200]: POST /receiver.php
[Fri May 24 22:40:03 2024] [::1]:60227 Closing
[Fri May 24 22:40:03 2024] [::1]:60228 [200]: POST /receiver.php
[Fri May 24 22:40:03 2024] [::1]:60228 Closing
[Fri May 24 22:40:05 2024] [::1]:60230 Accepted
[Fri May 24 22:40:05 2024] [::1]:60230 [200]: POST /receiver.php
[Fri May 24 22:40:05 2024] [::1]:60230 Closing
[Fri May 24 22:40:05 2024] [::1]:60231 Accepted
[Fri May 24 22:40:05 2024] [::1]:60231 [200]: POST /receiver.php
[Fri May 24 22:40:05 2024] [::1]:60231 Closing
[Fri May 24 22:40:07 2024] [::1]:60232 Accepted
[Fri May 24 22:40:07 2024] [::1]:60232 [200]: POST /receiver.php
[Fri May 24 22:40:07 2024] [::1]:60232 Closing
[Fri May 24 22:40:07 2024] [::1]:60233 Accepted
[Fri May 24 22:40:07 2024] [::1]:60233 [200]: POST /receiver.php
[Fri May 24 22:40:07 2024] [::1]:60233 Closing
[Fri May 24 22:40:09 2024] [::1]:60236 Accepted
[Fri May 24 22:40:09 2024] [::1]:60236 [200]: POST /receiver.php
[Fri May 24 22:40:09 2024] [::1]:60236 Closing
[Fri May 24 22:40:09 2024] [::1]:60237 Accepted
[Fri May 24 22:40:09 2024] [::1]:60237 [200]: POST /receiver.php
[Fri May 24 22:40:09 2024] [::1]:60237 Closing
[Fri May 24 22:40:11 2024] [::1]:60238 Accepted
[Fri May 24 22:40:11 2024] [::1]:60238 [200]: POST /receiver.php
[Fri May 24 22:40:11 2024] [::1]:60238 Closing
[Fri May 24 22:40:11 2024] [::1]:60239 Accepted
[Fri May 24 22:40:11 2024] [::1]:60239 [200]: POST /receiver.php
[Fri May 24 22:40:11 2024] [::1]:60239 Closing
[Fri May 24 22:40:14 2024] [::1]:60248 Accepted
[Fri May 24 22:40:14 2024] [::1]:60248 [200]: POST /receiver.php
[Fri May 24 22:40:14 2024] [::1]:60248 Closing
[Fri May 24 22:40:14 2024] [::1]:60249 Accepted
[Fri May 24 22:40:14 2024] [::1]:60249 [200]: POST /receiver.php
[Fri May 24 22:40:14 2024] [::1]:60249 Closing
[Fri May 24 22:40:15 2024] [::1]:60256 Accepted
[Fri May 24 22:40:15 2024] [::1]:60256 [200]: POST /receiver.php
[Fri May 24 22:40:15 2024] [::1]:60256 Closing
[Fri May 24 22:40:17 2024] [::1]:60259 Accepted
[Fri May 24 22:40:17 2024] [::1]:60259 [200]: POST /receiver.php
[Fri May 24 22:40:17 2024] [::1]:60259 Closing
[Fri May 24 22:40:17 2024] [::1]:60260 Accepted
[Fri May 24 22:40:17 2024] [::1]:60260 [200]: POST /receiver.php
[Fri May 24 22:40:17 2024] [::1]:60260 Closing
[Fri May 24 22:40:19 2024] [::1]:60261 Accepted
[Fri May 24 22:40:19 2024] [::1]:60261 [200]: POST /receiver.php
[Fri May 24 22:40:19 2024] [::1]:60261 Closing
[Fri May 24 22:40:19 2024] [::1]:60262 Accepted
[Fri May 24 22:40:19 2024] [::1]:60262 [200]: POST /receiver.php
[Fri May 24 22:40:19 2024] [::1]:60262 Closing
[Fri May 24 22:40:21 2024] [::1]:60270 Accepted
[Fri May 24 22:40:21 2024] [::1]:60270 [200]: POST /receiver.php
[Fri May 24 22:40:21 2024] [::1]:60270 Closing
[Fri May 24 22:40:21 2024] [::1]:60271 Accepted
[Fri May 24 22:40:21 2024] [::1]:60271 [200]: POST /receiver.php
[Fri May 24 22:40:21 2024] [::1]:60271 Closing
[Fri May 24 22:40:23 2024] [::1]:60272 Accepted
[Fri May 24 22:40:23 2024] [::1]:60273 Accepted
[Fri May 24 22:40:23 2024] [::1]:60272 [200]: POST /receiver.php
[Fri May 24 22:40:23 2024] [::1]:60272 Closing
[Fri May 24 22:40:23 2024] [::1]:60273 [200]: POST /receiver.php
[Fri May 24 22:40:23 2024] [::1]:60273 Closing
[Fri May 24 22:40:25 2024] [::1]:60276 Accepted
[Fri May 24 22:40:25 2024] [::1]:60277 Accepted
[Fri May 24 22:40:25 2024] [::1]:60277 [200]: POST /receiver.php
[Fri May 24 22:40:25 2024] [::1]:60277 Closing
[Fri May 24 22:40:25 2024] [::1]:60276 [200]: POST /receiver.php
[Fri May 24 22:40:25 2024] [::1]:60276 Closing
[Fri May 24 22:40:27 2024] [::1]:60279 Accepted
[Fri May 24 22:40:27 2024] [::1]:60279 [200]: POST /receiver.php
[Fri May 24 22:40:27 2024] [::1]:60279 Closing
[Fri May 24 22:40:27 2024] [::1]:60280 Accepted
[Fri May 24 22:40:27 2024] [::1]:60280 [200]: POST /receiver.php
[Fri May 24 22:40:27 2024] [::1]:60280 Closing
[Fri May 24 22:40:29 2024] [::1]:60281 Accepted
[Fri May 24 22:40:29 2024] [::1]:60282 Accepted
[Fri May 24 22:40:29 2024] [::1]:60281 [200]: POST /receiver.php
[Fri May 24 22:40:29 2024] [::1]:60281 Closing
[Fri May 24 22:40:29 2024] [::1]:60282 [200]: POST /receiver.php
[Fri May 24 22:40:29 2024] [::1]:60282 Closing
[Fri May 24 22:40:31 2024] [::1]:60283 Accepted
[Fri May 24 22:40:31 2024] [::1]:60284 Accepted
[Fri May 24 22:40:31 2024] [::1]:60283 [200]: POST /receiver.php
[Fri May 24 22:40:31 2024] [::1]:60283 Closing
[Fri May 24 22:40:31 2024] [::1]:60284 [200]: POST /receiver.php
[Fri May 24 22:40:31 2024] [::1]:60284 Closing
[Fri May 24 22:40:33 2024] [::1]:60285 Accepted
[Fri May 24 22:40:33 2024] [::1]:60285 [200]: POST /receiver.php
[Fri May 24 22:40:33 2024] [::1]:60285 Closing
[Fri May 24 22:40:33 2024] [::1]:60286 Accepted
[Fri May 24 22:40:33 2024] [::1]:60286 [200]: POST /receiver.php
[Fri May 24 22:40:33 2024] [::1]:60286 Closing
[Fri May 24 22:40:35 2024] [::1]:60287 Accepted
[Fri May 24 22:40:35 2024] [::1]:60288 Accepted
[Fri May 24 22:40:35 2024] [::1]:60287 [200]: POST /receiver.php
[Fri May 24 22:40:35 2024] [::1]:60287 Closing
[Fri May 24 22:40:35 2024] [::1]:60288 [200]: POST /receiver.php
[Fri May 24 22:40:35 2024] [::1]:60288 Closing
[Fri May 24 22:40:37 2024] [::1]:60292 Accepted
[Fri May 24 22:40:37 2024] [::1]:60292 [200]: POST /receiver.php
[Fri May 24 22:40:37 2024] [::1]:60292 Closing
[Fri May 24 22:40:37 2024] [::1]:60293 Accepted
[Fri May 24 22:40:37 2024] [::1]:60293 [200]: POST /receiver.php
[Fri May 24 22:40:37 2024] [::1]:60293 Closing
[Fri May 24 22:40:39 2024] [::1]:60295 Accepted
[Fri May 24 22:40:39 2024] [::1]:60296 Accepted
[Fri May 24 22:40:39 2024] [::1]:60295 [200]: POST /receiver.php
[Fri May 24 22:40:39 2024] [::1]:60295 Closing
[Fri May 24 22:40:39 2024] [::1]:60296 [200]: POST /receiver.php
[Fri May 24 22:40:39 2024] [::1]:60296 Closing
[Fri May 24 22:40:41 2024] [::1]:60297 Accepted
[Fri May 24 22:40:41 2024] [::1]:60297 [200]: POST /receiver.php
[Fri May 24 22:40:41 2024] [::1]:60297 Closing
[Fri May 24 22:40:41 2024] [::1]:60298 Accepted
[Fri May 24 22:40:41 2024] [::1]:60298 [200]: POST /receiver.php
[Fri May 24 22:40:41 2024] [::1]:60298 Closing
[Fri May 24 22:40:43 2024] [::1]:60302 Accepted
[Fri May 24 22:40:43 2024] [::1]:60302 [200]: POST /receiver.php
[Fri May 24 22:40:43 2024] [::1]:60302 Closing
[Fri May 24 22:40:43 2024] [::1]:60303 Accepted
[Fri May 24 22:40:43 2024] [::1]:60303 [200]: POST /receiver.php
[Fri May 24 22:40:43 2024] [::1]:60303 Closing
[Fri May 24 22:40:45 2024] [::1]:60305 Accepted
[Fri May 24 22:40:45 2024] [::1]:60305 [200]: POST /receiver.php
[Fri May 24 22:40:45 2024] [::1]:60305 Closing
[Fri May 24 22:40:45 2024] [::1]:60306 Accepted
[Fri May 24 22:40:45 2024] [::1]:60306 [200]: POST /receiver.php
[Fri May 24 22:40:45 2024] [::1]:60306 Closing
[Fri May 24 22:40:47 2024] [::1]:60307 Accepted
[Fri May 24 22:40:47 2024] [::1]:60308 Accepted
[Fri May 24 22:40:47 2024] [::1]:60307 [200]: POST /receiver.php
[Fri May 24 22:40:47 2024] [::1]:60307 Closing
[Fri May 24 22:40:47 2024] [::1]:60308 [200]: POST /receiver.php
[Fri May 24 22:40:47 2024] [::1]:60308 Closing
[Fri May 24 22:40:49 2024] [::1]:60309 Accepted
[Fri May 24 22:40:49 2024] [::1]:60309 [200]: POST /receiver.php
[Fri May 24 22:40:49 2024] [::1]:60309 Closing
[Fri May 24 22:40:49 2024] [::1]:60310 Accepted
[Fri May 24 22:40:49 2024] [::1]:60310 [200]: POST /receiver.php
[Fri May 24 22:40:49 2024] [::1]:60310 Closing
[Fri May 24 22:40:51 2024] [::1]:60312 Accepted
[Fri May 24 22:40:51 2024] [::1]:60312 [200]: POST /receiver.php
[Fri May 24 22:40:51 2024] [::1]:60312 Closing
[Fri May 24 22:40:51 2024] [::1]:60313 Accepted
[Fri May 24 22:40:51 2024] [::1]:60313 [200]: POST /receiver.php
[Fri May 24 22:40:51 2024] [::1]:60313 Closing
[Fri May 24 22:41:21 2024] [::1]:60318 Accepted
[Fri May 24 22:41:21 2024] [::1]:60318 [200]: POST /receiver.php
[Fri May 24 22:41:21 2024] [::1]:60318 Closing
[Fri May 24 22:41:21 2024] [::1]:60319 Accepted
[Fri May 24 22:41:21 2024] [::1]:60319 [200]: POST /receiver.php
[Fri May 24 22:41:21 2024] [::1]:60319 Closing
