[Sat May 25 14:47:59 2024] PHP 7.4.25 Development Server (http://localhost:8080) started
[Sat May 25 14:49:40 2024] [::1]:7915 Accepted
[Sat May 25 14:49:40 2024] [::1]:7915 [302]: GET /
[Sat May 25 14:49:40 2024] [::1]:7915 Closing
[Sat May 25 14:49:40 2024] [::1]:7916 Accepted
[Sat May 25 14:49:40 2024] [::1]:7916 [200]: GET /auth/login.php
[Sat May 25 14:49:40 2024] [::1]:7916 Closing
[Sat May 25 14:49:40 2024] [::1]:7917 Accepted
[Sat May 25 14:49:40 2024] [::1]:7917 [404]: GET /assets/css/all.css - No such file or directory
[Sat May 25 14:49:40 2024] [::1]:7917 Closing
[Sat May 25 14:49:40 2024] [::1]:7918 Accepted
[Sat May 25 14:49:40 2024] [::1]:7918 [200]: GET /assets/css/bootstrap-login-form.min.css
[Sat May 25 14:49:40 2024] [::1]:7918 Closing
[Sat May 25 14:49:41 2024] [::1]:7920 Accepted
[Sat May 25 14:49:41 2024] [::1]:7920 [200]: GET /assets/js/mdb.min.js
[Sat May 25 14:49:41 2024] [::1]:7920 Closing
[Sat May 25 14:49:51 2024] [::1]:7927 Accepted
[Sat May 25 14:49:51 2024] [::1]:7927 [404]: GET /auth/img/mdb-favicon.ico - No such file or directory
[Sat May 25 14:49:51 2024] [::1]:7927 Closing
[Sat May 25 14:49:54 2024] [::1]:7928 Accepted
[Sat May 25 14:49:54 2024] [::1]:7928 [302]: POST /auth/login.php
[Sat May 25 14:49:54 2024] [::1]:7928 Closing
[Sat May 25 14:49:55 2024] [::1]:7929 Accepted
[Sat May 25 14:49:55 2024] [::1]:7929 [200]: GET /Panel.php
[Sat May 25 14:49:55 2024] [::1]:7929 Closing
[Sat May 25 14:49:55 2024] [::1]:7930 Accepted
[Sat May 25 14:49:55 2024] [::1]:7931 Accepted
[Sat May 25 14:49:55 2024] [::1]:7932 Accepted
[Sat May 25 14:49:55 2024] [::1]:7930 [200]: GET /assets/css/bootstrap.min.css
[Sat May 25 14:49:55 2024] [::1]:7933 Accepted
[Sat May 25 14:49:55 2024] [::1]:7931 [404]: GET /.assets/js/jquery.min.js - No such file or directory
[Sat May 25 14:49:55 2024] [::1]:7931 Closing
[Sat May 25 14:49:55 2024] [::1]:7930 Closing
[Sat May 25 14:49:55 2024] [::1]:7933 [404]: GET /assets/js/popper.min.js - No such file or directory
[Sat May 25 14:49:55 2024] [::1]:7933 Closing
[Sat May 25 14:49:55 2024] [::1]:7932 [200]: GET /assets/css/utils.css
[Sat May 25 14:49:55 2024] [::1]:7932 Closing
[Sat May 25 14:49:56 2024] [::1]:7934 Accepted
[Sat May 25 14:49:56 2024] [::1]:7934 [200]: GET /assets/js/bootstrap.min.js
[Sat May 25 14:49:56 2024] [::1]:7934 Closing
[Sat May 25 14:49:59 2024] [::1]:7935 Accepted
[Sat May 25 14:49:59 2024] [::1]:7936 Accepted
[Sat May 25 14:49:59 2024] [::1]:7937 Accepted
[Sat May 25 14:49:59 2024] [::1]:7938 Accepted
[Sat May 25 14:49:59 2024] [::1]:7939 Accepted
[Sat May 25 14:49:59 2024] [::1]:7940 Accepted
[Sat May 25 14:49:59 2024] [::1]:7941 Accepted
[Sat May 25 14:49:59 2024] [::1]:7942 Accepted
[Sat May 25 14:49:59 2024] [::1]:7936 [200]: GET /assets/js/jquery.min.js
[Sat May 25 14:49:59 2024] [::1]:7935 [200]: GET /assets/css/light-theme.min.css
[Sat May 25 14:49:59 2024] [::1]:7936 Closing
[Sat May 25 14:49:59 2024] [::1]:7935 Closing
[Sat May 25 14:49:59 2024] [::1]:7937 [200]: GET /assets/img/fav-light.png
[Sat May 25 14:49:59 2024] [::1]:7937 Closing
[Sat May 25 14:49:59 2024] [::1]:7938 [200]: GET /assets/css/Panel.css
[Sat May 25 14:49:59 2024] [::1]:7938 Closing
[Sat May 25 14:49:59 2024] [::1]:7939 [200]: GET /assets/js/script.js
[Sat May 25 14:49:59 2024] [::1]:7939 Closing
[Sat May 25 14:49:59 2024] [::1]:7940 [200]: GET /assets/css/selection.css
[Sat May 25 14:49:59 2024] [::1]:7940 Closing
[Sat May 25 14:49:59 2024] [::1]:7941 [200]: GET /assets/js/sweetalert2.min.js
[Sat May 25 14:49:59 2024] [::1]:7941 Closing
[Sat May 25 14:49:59 2024] [::1]:7942 [404]: GET /assets/js/bootstrap.bundle.min.js - No such file or directory
[Sat May 25 14:49:59 2024] [::1]:7942 Closing
[Sat May 25 14:50:03 2024] [::1]:7943 Accepted
[Sat May 25 14:50:03 2024] [::1]:7943 [200]: GET /assets/js/growl-notification.min.js
[Sat May 25 14:50:03 2024] [::1]:7943 Closing
[Sat May 25 14:50:03 2024] [::1]:7944 Accepted
[Sat May 25 14:50:03 2024] [::1]:7944 [200]: GET /assets/js/particles.min.js
[Sat May 25 14:50:03 2024] [::1]:7944 Closing
[Sat May 25 14:50:03 2024] [::1]:7945 Accepted
[Sat May 25 14:50:03 2024] [::1]:7945 [200]: GET /assets/img/login/background.png
[Sat May 25 14:50:03 2024] [::1]:7945 Closing
[Sat May 25 14:50:04 2024] [::1]:7947 Accepted
[Sat May 25 14:50:04 2024] [::1]:7947 [200]: GET /assets/json/panel.back.json
[Sat May 25 14:50:04 2024] [::1]:7947 Closing
[Sat May 25 14:50:07 2024] [::1]:7948 Accepted
[Sat May 25 14:50:07 2024] [::1]:7948 [200]: POST /receiver.php
[Sat May 25 14:50:07 2024] [::1]:7948 Closing
[Sat May 25 14:50:08 2024] [::1]:7949 Accepted
[Sat May 25 14:50:08 2024] [::1]:7949 [200]: POST /receiver.php
[Sat May 25 14:50:08 2024] [::1]:7949 Closing
[Sat May 25 14:50:09 2024] [::1]:7950 Accepted
[Sat May 25 14:50:09 2024] [::1]:7951 Accepted
[Sat May 25 14:50:09 2024] [::1]:7951 [200]: POST /receiver.php
[Sat May 25 14:50:09 2024] [::1]:7951 Closing
[Sat May 25 14:50:09 2024] [::1]:7950 [200]: POST /receiver.php
[Sat May 25 14:50:09 2024] [::1]:7950 Closing
[Sat May 25 14:50:11 2024] [::1]:7952 Accepted
[Sat May 25 14:50:11 2024] [::1]:7952 [200]: POST /receiver.php
[Sat May 25 14:50:11 2024] [::1]:7952 Closing
[Sat May 25 14:50:11 2024] [::1]:7953 Accepted
[Sat May 25 14:50:11 2024] [::1]:7953 [200]: POST /receiver.php
[Sat May 25 14:50:11 2024] [::1]:7953 Closing
[Sat May 25 14:50:13 2024] [::1]:7954 Accepted
[Sat May 25 14:50:13 2024] [::1]:7955 Accepted
[Sat May 25 14:50:13 2024] [::1]:7955 [200]: POST /receiver.php
[Sat May 25 14:50:13 2024] [::1]:7955 Closing
[Sat May 25 14:50:14 2024] [::1]:7954 [200]: POST /receiver.php
[Sat May 25 14:50:14 2024] [::1]:7954 Closing
[Sat May 25 14:50:14 2024] [::1]:7956 Accepted
[Sat May 25 14:50:14 2024] [::1]:7956 [200]: POST /Settings.json
[Sat May 25 14:50:14 2024] [::1]:7956 Closing
[Sat May 25 14:50:15 2024] [::1]:7958 Accepted
[Sat May 25 14:50:15 2024] [::1]:7958 [200]: POST /assets/img/favicon.ico
[Sat May 25 14:50:15 2024] [::1]:7958 Closing
[Sat May 25 14:50:15 2024] [::1]:7959 Accepted
[Sat May 25 14:50:15 2024] [::1]:7960 Accepted
[Sat May 25 14:50:15 2024] [::1]:7959 [200]: POST /receiver.php
[Sat May 25 14:50:15 2024] [::1]:7959 Closing
[Sat May 25 14:50:15 2024] [::1]:7960 [200]: POST /receiver.php
[Sat May 25 14:50:15 2024] [::1]:7960 Closing
[Sat May 25 14:50:17 2024] [::1]:7964 Accepted
[Sat May 25 14:50:17 2024] [::1]:7965 Accepted
[Sat May 25 14:50:17 2024] [::1]:7964 [200]: POST /receiver.php
[Sat May 25 14:50:17 2024] [::1]:7964 Closing
[Sat May 25 14:50:17 2024] [::1]:7965 [200]: POST /receiver.php
[Sat May 25 14:50:17 2024] [::1]:7965 Closing
[Sat May 25 14:50:19 2024] [::1]:7966 Accepted
[Sat May 25 14:50:19 2024] [::1]:7966 [200]: POST /receiver.php
[Sat May 25 14:50:19 2024] [::1]:7966 Closing
[Sat May 25 14:50:19 2024] [::1]:7967 Accepted
[Sat May 25 14:50:19 2024] [::1]:7967 [200]: POST /receiver.php
[Sat May 25 14:50:19 2024] [::1]:7967 Closing
[Sat May 25 14:50:20 2024] [::1]:7969 Accepted
[Sat May 25 14:50:20 2024] [::1]:7969 [200]: POST /Panel.php
[Sat May 25 14:50:20 2024] [::1]:7969 Closing
[Sat May 25 14:50:21 2024] [::1]:7970 Accepted
[Sat May 25 14:50:21 2024] [::1]:7971 Accepted
[Sat May 25 14:50:21 2024] [::1]:7970 [200]: POST /assets/css/bootstrap.min.css
[Sat May 25 14:50:21 2024] [::1]:7971 [200]: POST /assets/css/utils.css
[Sat May 25 14:50:21 2024] [::1]:7970 Closing
[Sat May 25 14:50:21 2024] [::1]:7971 Closing
[Sat May 25 14:50:21 2024] [::1]:7972 Accepted
[Sat May 25 14:50:21 2024] [::1]:7973 Accepted
[Sat May 25 14:50:21 2024] [::1]:7973 [404]: POST /assets/js/popper.min.js - No such file or directory
[Sat May 25 14:50:21 2024] [::1]:7973 Closing
[Sat May 25 14:50:21 2024] [::1]:7972 [404]: POST /.assets/js/jquery.min.js - No such file or directory
[Sat May 25 14:50:21 2024] [::1]:7972 Closing
[Sat May 25 14:50:24 2024] [::1]:7975 Accepted
[Sat May 25 14:50:24 2024] [::1]:7976 Accepted
[Sat May 25 14:50:24 2024] [::1]:7975 [200]: POST /assets/js/bootstrap.min.js
[Sat May 25 14:50:24 2024] [::1]:7975 Closing
[Sat May 25 14:50:24 2024] [::1]:7976 [200]: POST /assets/css/light-theme.min.css
[Sat May 25 14:50:24 2024] [::1]:7976 Closing
[Sat May 25 14:50:24 2024] [::1]:7977 Accepted
[Sat May 25 14:50:24 2024] [::1]:7977 [200]: POST /assets/css/Panel.css
[Sat May 25 14:50:24 2024] [::1]:7977 Closing
[Sat May 25 14:50:24 2024] [::1]:7978 Accepted
[Sat May 25 14:50:24 2024] [::1]:7978 [200]: POST /assets/js/jquery.min.js
[Sat May 25 14:50:24 2024] [::1]:7978 Closing
[Sat May 25 14:50:24 2024] [::1]:7979 Accepted
[Sat May 25 14:50:24 2024] [::1]:7979 [200]: POST /assets/css/selection.css
[Sat May 25 14:50:24 2024] [::1]:7979 Closing
[Sat May 25 14:50:24 2024] [::1]:7980 Accepted
[Sat May 25 14:50:24 2024] [::1]:7981 Accepted
[Sat May 25 14:50:24 2024] [::1]:7981 [404]: POST /assets/js/bootstrap.bundle.min.js - No such file or directory
[Sat May 25 14:50:24 2024] [::1]:7981 Closing
[Sat May 25 14:50:24 2024] [::1]:7982 Accepted
[Sat May 25 14:50:24 2024] [::1]:7983 Accepted
[Sat May 25 14:50:24 2024] [::1]:7983 [200]: POST /assets/js/sweetalert2.min.js
[Sat May 25 14:50:24 2024] [::1]:7982 [200]: POST /assets/img/fav-light.png
[Sat May 25 14:50:24 2024] [::1]:7983 Closing
[Sat May 25 14:50:24 2024] [::1]:7982 Closing
[Sat May 25 14:50:24 2024] [::1]:7980 [200]: POST /assets/js/script.js
[Sat May 25 14:50:24 2024] [::1]:7980 Closing
[Sat May 25 14:50:26 2024] [::1]:7984 Accepted
[Sat May 25 14:50:26 2024] [::1]:7984 [200]: POST /assets/js/growl-notification.min.js
[Sat May 25 14:50:26 2024] [::1]:7984 Closing
[Sat May 25 14:50:26 2024] [::1]:7985 Accepted
[Sat May 25 14:50:26 2024] [::1]:7985 [200]: POST /assets/img/login/background.png
[Sat May 25 14:50:26 2024] [::1]:7985 Closing
[Sat May 25 14:50:29 2024] [::1]:7986 Accepted
[Sat May 25 14:50:29 2024] [::1]:7986 [200]: POST /assets/js/particles.min.js
[Sat May 25 14:50:29 2024] [::1]:7986 Closing
[Sat May 25 14:50:32 2024] [::1]:7988 Accepted
[Sat May 25 14:50:32 2024] [::1]:7988 [200]: POST /assets/json/panel.back.json
[Sat May 25 14:50:32 2024] [::1]:7988 Closing
[Sat May 25 14:50:35 2024] [::1]:7989 Accepted
[Sat May 25 14:50:35 2024] [::1]:7989 [200]: POST /receiver.php
[Sat May 25 14:50:35 2024] [::1]:7989 Closing
[Sat May 25 14:50:36 2024] [::1]:7990 Accepted
[Sat May 25 14:50:36 2024] [::1]:7990 [200]: POST /receiver.php
[Sat May 25 14:50:36 2024] [::1]:7990 Closing
[Sat May 25 14:50:37 2024] [::1]:7991 Accepted
[Sat May 25 14:50:38 2024] [::1]:7992 Accepted
[Sat May 25 14:50:38 2024] [::1]:7991 [200]: POST /receiver.php
[Sat May 25 14:50:38 2024] [::1]:7991 Closing
[Sat May 25 14:50:38 2024] [::1]:7992 [200]: POST /receiver.php
[Sat May 25 14:50:38 2024] [::1]:7992 Closing
[Sat May 25 14:50:39 2024] [::1]:7993 Accepted
[Sat May 25 14:50:39 2024] [::1]:7993 [200]: POST /receiver.php
[Sat May 25 14:50:39 2024] [::1]:7993 Closing
[Sat May 25 14:50:40 2024] [::1]:7994 Accepted
[Sat May 25 14:50:40 2024] [::1]:7994 [200]: POST /receiver.php
[Sat May 25 14:50:40 2024] [::1]:7994 Closing
[Sat May 25 14:50:40 2024] [::1]:7995 Accepted
[Sat May 25 14:50:40 2024] [::1]:7995 [200]: POST /Settings.json
[Sat May 25 14:50:40 2024] [::1]:7995 Closing
[Sat May 25 14:50:43 2024] [::1]:7998 Accepted
[Sat May 25 14:50:43 2024] [::1]:7998 [302]: GET /templates/instagram
[Sat May 25 14:50:43 2024] [::1]:7998 Closing
[Sat May 25 14:50:43 2024] [::1]:7999 Accepted
[Sat May 25 14:50:43 2024] [::1]:7999 [200]: POST /receiver.php
[Sat May 25 14:50:43 2024] [::1]:7999 Closing
[Sat May 25 14:50:43 2024] [::1]:8000 Accepted
[Sat May 25 14:50:43 2024] [::1]:8001 Accepted
[Sat May 25 14:50:43 2024] [::1]:8001 [200]: POST /templates/instagram/login.html
[Sat May 25 14:50:43 2024] [::1]:8001 Closing
[Sat May 25 14:50:43 2024] [::1]:8000 [200]: POST /receiver.php
[Sat May 25 14:50:43 2024] [::1]:8000 Closing
[Sat May 25 14:50:45 2024] [::1]:8002 Accepted
[Sat May 25 14:50:45 2024] [::1]:8002 [200]: POST /receiver.php
[Sat May 25 14:50:45 2024] [::1]:8002 Closing
[Sat May 25 14:50:45 2024] [::1]:8003 Accepted
[Sat May 25 14:50:45 2024] [::1]:8003 [200]: POST /receiver.php
[Sat May 25 14:50:45 2024] [::1]:8003 Closing
[Sat May 25 14:50:47 2024] [::1]:8004 Accepted
[Sat May 25 14:50:47 2024] [::1]:8005 Accepted
[Sat May 25 14:50:47 2024] [::1]:8004 [200]: POST /receiver.php
[Sat May 25 14:50:47 2024] [::1]:8004 Closing
[Sat May 25 14:50:47 2024] [::1]:8005 [200]: POST /receiver.php
[Sat May 25 14:50:47 2024] [::1]:8005 Closing
[Sat May 25 14:50:50 2024] [::1]:8006 Accepted
[Sat May 25 14:50:50 2024] [::1]:8007 Accepted
[Sat May 25 14:50:50 2024] [::1]:8006 [200]: POST /receiver.php
[Sat May 25 14:50:50 2024] [::1]:8006 Closing
[Sat May 25 14:50:50 2024] [::1]:8007 [200]: POST /receiver.php
[Sat May 25 14:50:50 2024] [::1]:8007 Closing
[Sat May 25 14:50:51 2024] [::1]:8008 Accepted
[Sat May 25 14:50:51 2024] [::1]:8009 Accepted
[Sat May 25 14:50:51 2024] [::1]:8008 [200]: POST /receiver.php
[Sat May 25 14:50:51 2024] [::1]:8008 Closing
[Sat May 25 14:50:52 2024] [::1]:8009 [200]: POST /receiver.php
[Sat May 25 14:50:52 2024] [::1]:8009 Closing
[Sat May 25 14:50:53 2024] [::1]:8010 Accepted
[Sat May 25 14:50:53 2024] [::1]:8011 Accepted
[Sat May 25 14:50:54 2024] [::1]:8010 [200]: POST /receiver.php
[Sat May 25 14:50:54 2024] [::1]:8010 Closing
[Sat May 25 14:50:54 2024] [::1]:8011 [200]: POST /receiver.php
[Sat May 25 14:50:54 2024] [::1]:8011 Closing
[Sat May 25 14:50:55 2024] [::1]:8014 Accepted
[Sat May 25 14:50:55 2024] [::1]:8015 Accepted
[Sat May 25 14:50:55 2024] [::1]:8014 [200]: POST /receiver.php
[Sat May 25 14:50:55 2024] [::1]:8014 Closing
[Sat May 25 14:50:56 2024] [::1]:8015 [200]: POST /receiver.php
[Sat May 25 14:50:56 2024] [::1]:8015 Closing
[Sat May 25 14:50:56 2024] [::1]:8016 Accepted
[Sat May 25 14:50:56 2024] [::1]:8016 [200]: POST /templates/instagram/screenshot3.jpg
[Sat May 25 14:50:56 2024] [::1]:8017 Accepted
[Sat May 25 14:50:56 2024] [::1]:8017 [200]: POST /templates/instagram/screenshot2.jpg
[Sat May 25 14:50:56 2024] [::1]:8016 Closing
[Sat May 25 14:50:56 2024] [::1]:8017 Closing
[Sat May 25 14:50:56 2024] [::1]:8018 Accepted
[Sat May 25 14:50:56 2024] [::1]:8018 [200]: POST /templates/instagram/login.html
[Sat May 25 14:50:56 2024] [::1]:8018 Closing
[Sat May 25 14:50:56 2024] [::1]:8019 Accepted
[Sat May 25 14:50:56 2024] [::1]:8019 [200]: POST /templates/instagram/login.html
[Sat May 25 14:50:56 2024] [::1]:8019 Closing
[Sat May 25 14:50:58 2024] [::1]:8021 Accepted
[Sat May 25 14:50:58 2024] [::1]:8022 Accepted
[Sat May 25 14:50:58 2024] [::1]:8023 Accepted
[Sat May 25 14:50:58 2024] [::1]:8024 Accepted
[Sat May 25 14:50:58 2024] [::1]:8024 [200]: POST /templates/instagram/screenshot5.jpg
[Sat May 25 14:50:58 2024] [::1]:8021 [200]: POST /templates/instagram/home-phones.png
[Sat May 25 14:50:58 2024] [::1]:8022 [200]: POST /receiver.php
[Sat May 25 14:50:58 2024] [::1]:8022 Closing
[Sat May 25 14:50:58 2024] [::1]:8023 [200]: POST /templates/instagram/screenshot4.jpg
[Sat May 25 14:50:58 2024] [::1]:8024 Closing
[Sat May 25 14:50:58 2024] [::1]:8021 Closing
[Sat May 25 14:50:58 2024] [::1]:8023 Closing
[Sat May 25 14:50:58 2024] [::1]:8025 Accepted
[Sat May 25 14:50:58 2024] [::1]:8025 [200]: POST /receiver.php
[Sat May 25 14:50:58 2024] [::1]:8025 Closing
[Sat May 25 14:50:59 2024] [::1]:8026 Accepted
[Sat May 25 14:50:59 2024] [::1]:8027 Accepted
[Sat May 25 14:50:59 2024] [::1]:8026 [200]: POST /receiver.php
[Sat May 25 14:50:59 2024] [::1]:8026 Closing
[Sat May 25 14:50:59 2024] [::1]:8027 [200]: POST /receiver.php
[Sat May 25 14:50:59 2024] [::1]:8027 Closing
[Sat May 25 14:51:00 2024] [::1]:8029 Accepted
[Sat May 25 14:51:00 2024] [::1]:8028 Accepted
[Sat May 25 14:51:00 2024] [::1]:8030 Accepted
[Sat May 25 14:51:00 2024] [::1]:8030 [200]: POST /templates/instagram/badge_ios_english-en.png
[Sat May 25 14:51:00 2024] [::1]:8029 [200]: POST /templates/instagram/badge_android_english-en.png
[Sat May 25 14:51:00 2024] [::1]:8028 [200]: POST /templates/instagram/sprite_core_32f0a4f27407.png
[Sat May 25 14:51:00 2024] [::1]:8030 Closing
[Sat May 25 14:51:01 2024] [::1]:8029 Closing
[Sat May 25 14:51:01 2024] [::1]:8028 Closing
[Sat May 25 14:51:02 2024] [::1]:8031 Accepted
[Sat May 25 14:51:02 2024] [::1]:8031 [200]: POST /receiver.php
[Sat May 25 14:51:02 2024] [::1]:8031 Closing
[Sat May 25 14:51:02 2024] [::1]:8032 Accepted
[Sat May 25 14:51:02 2024] [::1]:8032 [200]: POST /receiver.php
[Sat May 25 14:51:02 2024] [::1]:8032 Closing
[Sat May 25 14:51:04 2024] [::1]:8033 Accepted
[Sat May 25 14:51:04 2024] [::1]:8033 [200]: POST /receiver.php
[Sat May 25 14:51:04 2024] [::1]:8033 Closing
[Sat May 25 14:51:04 2024] [::1]:8034 Accepted
[Sat May 25 14:51:04 2024] [::1]:8034 [200]: POST /receiver.php
[Sat May 25 14:51:04 2024] [::1]:8034 Closing
[Sat May 25 14:51:06 2024] [::1]:8035 Accepted
[Sat May 25 14:51:07 2024] [::1]:8035 [200]: POST /receiver.php
[Sat May 25 14:51:07 2024] [::1]:8035 Closing
[Sat May 25 14:51:07 2024] [::1]:8036 Accepted
[Sat May 25 14:51:07 2024] [::1]:8036 [200]: POST /receiver.php
[Sat May 25 14:51:07 2024] [::1]:8036 Closing
[Sat May 25 14:51:07 2024] [::1]:8037 Accepted
[Sat May 25 14:51:07 2024] [::1]:8037 [200]: POST /templates/instagram/favicon.png
[Sat May 25 14:51:07 2024] [::1]:8037 Closing
[Sat May 25 14:51:08 2024] [::1]:8038 Accepted
[Sat May 25 14:51:08 2024] [::1]:8038 [302]: POST /templates/instagram/login.php
[Sat May 25 14:51:08 2024] [::1]:8038 Closing
[Sat May 25 14:51:08 2024] [::1]:8040 Accepted
[Sat May 25 14:51:08 2024] [::1]:8040 [200]: POST /receiver.php
[Sat May 25 14:51:08 2024] [::1]:8040 Closing
[Sat May 25 14:51:08 2024] [::1]:8041 Accepted
[Sat May 25 14:51:08 2024] [::1]:8041 [200]: POST /receiver.php
[Sat May 25 14:51:08 2024] [::1]:8041 Closing
[Sat May 25 14:51:09 2024] [::1]:8043 Accepted
[Sat May 25 14:51:09 2024] [::1]:8044 Accepted
[Sat May 25 14:51:09 2024] [::1]:8044 [200]: POST /receiver.php
[Sat May 25 14:51:09 2024] [::1]:8044 Closing
[Sat May 25 14:51:09 2024] [::1]:8043 [200]: POST /receiver.php
[Sat May 25 14:51:09 2024] [::1]:8043 Closing
[Sat May 25 14:51:11 2024] [::1]:8045 Accepted
[Sat May 25 14:51:11 2024] [::1]:8045 [200]: POST /receiver.php
[Sat May 25 14:51:11 2024] [::1]:8045 Closing
[Sat May 25 14:51:11 2024] [::1]:8046 Accepted
[Sat May 25 14:51:11 2024] [::1]:8046 [200]: POST /receiver.php
[Sat May 25 14:51:11 2024] [::1]:8046 Closing
[Sat May 25 14:51:13 2024] [::1]:8047 Accepted
[Sat May 25 14:51:13 2024] [::1]:8048 Accepted
[Sat May 25 14:51:13 2024] [::1]:8048 [200]: POST /receiver.php
[Sat May 25 14:51:13 2024] [::1]:8048 Closing
[Sat May 25 14:51:13 2024] [::1]:8047 [200]: POST /receiver.php
[Sat May 25 14:51:13 2024] [::1]:8047 Closing
[Sat May 25 14:51:15 2024] [::1]:8049 Accepted
[Sat May 25 14:51:15 2024] [::1]:8049 [200]: POST /receiver.php
[Sat May 25 14:51:15 2024] [::1]:8049 Closing
[Sat May 25 14:51:15 2024] [::1]:8050 Accepted
[Sat May 25 14:51:15 2024] [::1]:8050 [200]: POST /receiver.php
[Sat May 25 14:51:15 2024] [::1]:8050 Closing
[Sat May 25 14:51:18 2024] [::1]:8051 Accepted
[Sat May 25 14:51:18 2024] [::1]:8051 [200]: POST /saved/usernames.dat
[Sat May 25 14:51:18 2024] [::1]:8051 Closing
[Sat May 25 14:51:19 2024] [::1]:8052 Accepted
[Sat May 25 14:51:19 2024] [::1]:8052 [200]: POST /receiver.php
[Sat May 25 14:51:19 2024] [::1]:8052 Closing
[Sat May 25 14:51:19 2024] [::1]:8053 Accepted
[Sat May 25 14:51:19 2024] [::1]:8053 [200]: POST /receiver.php
[Sat May 25 14:51:19 2024] [::1]:8053 Closing
[Sat May 25 14:51:19 2024] [::1]:8054 Accepted
[Sat May 25 14:51:19 2024] [::1]:8055 Accepted
[Sat May 25 14:51:19 2024] [::1]:8054 [200]: POST /receiver.php
[Sat May 25 14:51:19 2024] [::1]:8054 Closing
[Sat May 25 14:51:19 2024] [::1]:8055 [200]: POST /receiver.php
[Sat May 25 14:51:19 2024] [::1]:8055 Closing
[Sat May 25 14:51:21 2024] [::1]:8057 Accepted
[Sat May 25 14:51:21 2024] [::1]:8057 [404]: POST /favicon.ico - No such file or directory
[Sat May 25 14:51:21 2024] [::1]:8057 Closing
[Sat May 25 14:51:21 2024] [::1]:8058 Accepted
[Sat May 25 14:51:21 2024] [::1]:8058 [200]: POST /receiver.php
[Sat May 25 14:51:21 2024] [::1]:8058 Closing
[Sat May 25 14:51:21 2024] [::1]:8059 Accepted
[Sat May 25 14:51:21 2024] [::1]:8059 [200]: POST /receiver.php
[Sat May 25 14:51:21 2024] [::1]:8059 Closing
[Sat May 25 14:51:24 2024] [::1]:8061 Accepted
[Sat May 25 14:51:24 2024] [::1]:8061 [200]: POST /receiver.php
[Sat May 25 14:51:24 2024] [::1]:8061 Closing
[Sat May 25 14:51:24 2024] [::1]:8062 Accepted
[Sat May 25 14:51:24 2024] [::1]:8062 [200]: POST /receiver.php
[Sat May 25 14:51:24 2024] [::1]:8062 Closing
[Sat May 25 14:51:26 2024] [::1]:8063 Accepted
[Sat May 25 14:51:26 2024] [::1]:8063 [200]: POST /receiver.php
[Sat May 25 14:51:26 2024] [::1]:8063 Closing
[Sat May 25 14:51:26 2024] [::1]:8064 Accepted
[Sat May 25 14:51:26 2024] [::1]:8064 [200]: POST /receiver.php
[Sat May 25 14:51:26 2024] [::1]:8064 Closing
[Sat May 25 14:51:28 2024] [::1]:8065 Accepted
[Sat May 25 14:51:28 2024] [::1]:8065 [200]: POST /receiver.php
[Sat May 25 14:51:28 2024] [::1]:8065 Closing
[Sat May 25 14:51:28 2024] [::1]:8066 Accepted
[Sat May 25 14:51:28 2024] [::1]:8066 [200]: POST /receiver.php
[Sat May 25 14:51:28 2024] [::1]:8066 Closing
[Sat May 25 14:51:29 2024] [::1]:8067 Accepted
[Sat May 25 14:51:29 2024] [::1]:8067 [200]: POST /receiver.php
[Sat May 25 14:51:29 2024] [::1]:8067 Closing
[Sat May 25 14:51:29 2024] [::1]:8068 Accepted
[Sat May 25 14:51:29 2024] [::1]:8068 [200]: POST /receiver.php
[Sat May 25 14:51:29 2024] [::1]:8068 Closing
[Sat May 25 14:51:31 2024] [::1]:8069 Accepted
[Sat May 25 14:51:31 2024] [::1]:8070 Accepted
[Sat May 25 14:51:31 2024] [::1]:8069 [200]: POST /receiver.php
[Sat May 25 14:51:31 2024] [::1]:8069 Closing
[Sat May 25 14:51:31 2024] [::1]:8070 [200]: POST /receiver.php
[Sat May 25 14:51:31 2024] [::1]:8070 Closing
[Sat May 25 14:51:33 2024] [::1]:8071 Accepted
[Sat May 25 14:51:33 2024] [::1]:8071 [200]: POST /receiver.php
[Sat May 25 14:51:33 2024] [::1]:8071 Closing
[Sat May 25 14:51:33 2024] [::1]:8072 Accepted
[Sat May 25 14:51:33 2024] [::1]:8072 [200]: POST /receiver.php
[Sat May 25 14:51:33 2024] [::1]:8072 Closing
[Sat May 25 14:51:35 2024] [::1]:8073 Accepted
[Sat May 25 14:51:35 2024] [::1]:8074 Accepted
[Sat May 25 14:51:35 2024] [::1]:8074 [200]: POST /receiver.php
[Sat May 25 14:51:35 2024] [::1]:8074 Closing
[Sat May 25 14:51:35 2024] [::1]:8073 [200]: POST /receiver.php
[Sat May 25 14:51:35 2024] [::1]:8073 Closing
[Sat May 25 14:51:37 2024] [::1]:8075 Accepted
[Sat May 25 14:51:37 2024] [::1]:8076 Accepted
[Sat May 25 14:51:37 2024] [::1]:8076 [200]: POST /receiver.php
[Sat May 25 14:51:37 2024] [::1]:8076 Closing
[Sat May 25 14:51:37 2024] [::1]:8075 [200]: POST /receiver.php
[Sat May 25 14:51:37 2024] [::1]:8075 Closing
[Sat May 25 14:51:39 2024] [::1]:8077 Accepted
[Sat May 25 14:51:39 2024] [::1]:8078 Accepted
[Sat May 25 14:51:39 2024] [::1]:8078 [200]: POST /receiver.php
[Sat May 25 14:51:39 2024] [::1]:8078 Closing
[Sat May 25 14:51:39 2024] [::1]:8077 [200]: POST /receiver.php
[Sat May 25 14:51:39 2024] [::1]:8077 Closing
[Sat May 25 14:51:41 2024] [::1]:8079 Accepted
[Sat May 25 14:51:41 2024] [::1]:8081 Accepted
[Sat May 25 14:51:41 2024] [::1]:8079 [200]: POST /receiver.php
[Sat May 25 14:51:41 2024] [::1]:8079 Closing
[Sat May 25 14:51:41 2024] [::1]:8081 [200]: POST /receiver.php
[Sat May 25 14:51:41 2024] [::1]:8081 Closing
